[      85ms] [ERROR] Failed to load resource: the server responded with a status of 404 (Not Found) @ http://localhost:3000/clusters:0
[   31529ms] [ERROR] Failed to load resource: net::ERR_INCOMPLETE_CHUNKED_ENCODING @ http://localhost:3000/trpc/presence.subscribe:0
[   31980ms] [ERROR] Failed to load resource: net::ERR_CONNECTION_REFUSED @ http://localhost:3000/trpc/metrics.currentStats:0
[   32532ms] [ERROR] WebSocket connection to 'ws://localhost:3000/_next/webpack-hmr?id=Cn2Y2il-IcRxAXAEhrxzQ' failed: Error in connection establishment: net::ERR_CONNECTION_REFUSED @ http://localhost:3000/_next/static/chunks/05sp_next_dist_client_0qd03un._.js:13299
[   32982ms] [ERROR] Failed to load resource: net::ERR_CONNECTION_REFUSED @ http://localhost:3000/trpc/metrics.currentStats:0
[   33533ms] [ERROR] WebSocket connection to 'ws://localhost:3000/_next/webpack-hmr?id=Cn2Y2il-IcRxAXAEhrxzQ' failed: Error in connection establishment: net::ERR_CONNECTION_REFUSED @ http://localhost:3000/_next/static/chunks/05sp_next_dist_client_0qd03un._.js:13299
[   34531ms] [ERROR] Failed to load resource: net::ERR_CONNECTION_REFUSED @ http://localhost:3000/trpc/presence.subscribe:0
[   34535ms] [ERROR] WebSocket connection to 'ws://localhost:3000/_next/webpack-hmr?id=Cn2Y2il-IcRxAXAEhrxzQ' failed: Error in connection establishment: net::ERR_CONNECTION_REFUSED @ http://localhost:3000/_next/static/chunks/05sp_next_dist_client_0qd03un._.js:13299
[   35538ms] [ERROR] WebSocket connection to 'ws://localhost:3000/_next/webpack-hmr?id=Cn2Y2il-IcRxAXAEhrxzQ' failed: Error in connection establishment: net::ERR_CONNECTION_REFUSED @ http://localhost:3000/_next/static/chunks/05sp_next_dist_client_0qd03un._.js:13299
[   36540ms] [ERROR] WebSocket connection to 'ws://localhost:3000/_next/webpack-hmr?id=Cn2Y2il-IcRxAXAEhrxzQ' failed: Error in connection establishment: net::ERR_CONNECTION_REFUSED @ http://localhost:3000/_next/static/chunks/05sp_next_dist_client_0qd03un._.js:13299
[   37533ms] [ERROR] Failed to load resource: net::ERR_CONNECTION_REFUSED @ http://localhost:3000/trpc/presence.subscribe:0
[   40534ms] [ERROR] Failed to load resource: net::ERR_CONNECTION_REFUSED @ http://localhost:3000/trpc/presence.subscribe:0
[   42251ms] [ERROR] Failed to load resource: the server responded with a status of 404 (Not Found) @ http://localhost:3000/clusters:0
[   42308ms] [ERROR] Failed to load resource: the server responded with a status of 500 (Internal Server Error) @ http://localhost:3000/api/auth/get-session:0
[   70702ms] [ERROR] WebSocket connection to 'ws://localhost:3000/_next/webpack-hmr?id=aYxKa54E_rxT2V97CBzuD' failed: Error in connection establishment: net::ERR_CONNECTION_REFUSED @ http://localhost:3000/_next/static/chunks/05sp_next_dist_client_0qd03un._.js:13299
[   71704ms] [ERROR] WebSocket connection to 'ws://localhost:3000/_next/webpack-hmr?id=aYxKa54E_rxT2V97CBzuD' failed: Error in connection establishment: net::ERR_CONNECTION_REFUSED @ http://localhost:3000/_next/static/chunks/05sp_next_dist_client_0qd03un._.js:13299
[   72707ms] [ERROR] WebSocket connection to 'ws://localhost:3000/_next/webpack-hmr?id=aYxKa54E_rxT2V97CBzuD' failed: Error in connection establishment: net::ERR_CONNECTION_REFUSED @ http://localhost:3000/_next/static/chunks/05sp_next_dist_client_0qd03un._.js:13299
[   73709ms] [ERROR] WebSocket connection to 'ws://localhost:3000/_next/webpack-hmr?id=aYxKa54E_rxT2V97CBzuD' failed: Error in connection establishment: net::ERR_CONNECTION_REFUSED @ http://localhost:3000/_next/static/chunks/05sp_next_dist_client_0qd03un._.js:13299
[   74711ms] [ERROR] WebSocket connection to 'ws://localhost:3000/_next/webpack-hmr?id=aYxKa54E_rxT2V97CBzuD' failed: Error in connection establishment: net::ERR_CONNECTION_REFUSED @ http://localhost:3000/_next/static/chunks/05sp_next_dist_client_0qd03un._.js:13299
[   79712ms] [ERROR] WebSocket connection to 'ws://localhost:3000/_next/webpack-hmr?id=aYxKa54E_rxT2V97CBzuD' failed: Error in connection establishment: net::ERR_CONNECTION_REFUSED @ http://localhost:3000/_next/static/chunks/05sp_next_dist_client_0qd03un._.js:13299
[   84714ms] [ERROR] WebSocket connection to 'ws://localhost:3000/_next/webpack-hmr?id=aYxKa54E_rxT2V97CBzuD' failed: Error in connection establishment: net::ERR_CONNECTION_REFUSED @ http://localhost:3000/_next/static/chunks/05sp_next_dist_client_0qd03un._.js:13299
[   90110ms] [ERROR] Failed to load resource: the server responded with a status of 404 (Not Found) @ http://localhost:3000/clusters:0
[   90168ms] [ERROR] Failed to load resource: the server responded with a status of 500 (Internal Server Error) @ http://localhost:3000/api/auth/get-session:0
[  138822ms] [ERROR] WebSocket connection to 'ws://localhost:3000/_next/webpack-hmr?id=Jn3CwgMHtS88PsA5em4um' failed: Error in connection establishment: net::ERR_CONNECTION_REFUSED @ http://localhost:3000/_next/static/chunks/05sp_next_dist_client_0qd03un._.js:13299
[  139825ms] [ERROR] WebSocket connection to 'ws://localhost:3000/_next/webpack-hmr?id=Jn3CwgMHtS88PsA5em4um' failed: Error in connection establishment: net::ERR_CONNECTION_REFUSED @ http://localhost:3000/_next/static/chunks/05sp_next_dist_client_0qd03un._.js:13299
[  140827ms] [ERROR] WebSocket connection to 'ws://localhost:3000/_next/webpack-hmr?id=Jn3CwgMHtS88PsA5em4um' failed: Error in connection establishment: net::ERR_CONNECTION_REFUSED @ http://localhost:3000/_next/static/chunks/05sp_next_dist_client_0qd03un._.js:13299
[  141830ms] [ERROR] WebSocket connection to 'ws://localhost:3000/_next/webpack-hmr?id=Jn3CwgMHtS88PsA5em4um' failed: Error in connection establishment: net::ERR_CONNECTION_REFUSED @ http://localhost:3000/_next/static/chunks/05sp_next_dist_client_0qd03un._.js:13299
[  142833ms] [ERROR] WebSocket connection to 'ws://localhost:3000/_next/webpack-hmr?id=Jn3CwgMHtS88PsA5em4um' failed: Error in connection establishment: net::ERR_CONNECTION_REFUSED @ http://localhost:3000/_next/static/chunks/05sp_next_dist_client_0qd03un._.js:13299
