[  235373ms] [ERROR] Failed to load resource: the server responded with a status of 500 (Internal Server Error) @ http://localhost:3000/trpc/metrics.currentStats:0
[  239308ms] [ERROR] Failed to load resource: the server responded with a status of 500 (Internal Server Error) @ http://localhost:3000/trpc/metrics.currentStats:0
[  240283ms] [ERROR] Failed to load resource: the server responded with a status of 500 (Internal Server Error) @ http://localhost:3000/trpc/clusters.list:0
[  240321ms] [ERROR] Failed to load resource: the server responded with a status of 500 (Internal Server Error) @ http://localhost:3000/trpc/alerts.unacknowledgedCount:0
[  240335ms] [ERROR] Failed to load resource: the server responded with a status of 500 (Internal Server Error) @ http://localhost:3000/trpc/events.list?input=%7B%22limit%22%3A50%7D:0
[  241289ms] [ERROR] Failed to load resource: the server responded with a status of 500 (Internal Server Error) @ http://localhost:3000/trpc/clusters.list:0
[  241325ms] [ERROR] Failed to load resource: the server responded with a status of 500 (Internal Server Error) @ http://localhost:3000/trpc/alerts.unacknowledgedCount:0
[  241340ms] [ERROR] Failed to load resource: the server responded with a status of 500 (Internal Server Error) @ http://localhost:3000/trpc/events.list?input=%7B%22limit%22%3A50%7D:0
[  315321ms] [ERROR] Failed to load resource: the server responded with a status of 500 (Internal Server Error) @ http://localhost:3000/trpc/presence.getOnlineUsers:0
[  319556ms] [ERROR] Failed to load resource: the server responded with a status of 500 (Internal Server Error) @ http://localhost:3000/trpc/presence.heartbeat:0
[  333415ms] [ERROR] Failed to load resource: the server responded with a status of 500 (Internal Server Error) @ http://localhost:3000/trpc/alerts.unacknowledgedCount:0
[  333443ms] [ERROR] Failed to load resource: the server responded with a status of 500 (Internal Server Error) @ http://localhost:3000/trpc/events.list?input=%7B%22limit%22%3A50%7D:0
[  334419ms] [ERROR] Failed to load resource: the server responded with a status of 500 (Internal Server Error) @ http://localhost:3000/trpc/alerts.unacknowledgedCount:0
[  334447ms] [ERROR] Failed to load resource: the server responded with a status of 500 (Internal Server Error) @ http://localhost:3000/trpc/events.list?input=%7B%22limit%22%3A50%7D:0
[  336424ms] [ERROR] Failed to load resource: the server responded with a status of 500 (Internal Server Error) @ http://localhost:3000/trpc/alerts.unacknowledgedCount:0
[  336453ms] [ERROR] Failed to load resource: the server responded with a status of 500 (Internal Server Error) @ http://localhost:3000/trpc/events.list?input=%7B%22limit%22%3A50%7D:0
[  336497ms] [ERROR] Failed to load resource: the server responded with a status of 500 (Internal Server Error) @ http://localhost:3000/trpc/metrics.currentStats:0
[  337503ms] [ERROR] Failed to load resource: the server responded with a status of 500 (Internal Server Error) @ http://localhost:3000/trpc/metrics.currentStats:0
[  340430ms] [ERROR] Failed to load resource: the server responded with a status of 500 (Internal Server Error) @ http://localhost:3000/trpc/alerts.unacknowledgedCount:0
[  340459ms] [ERROR] Failed to load resource: the server responded with a status of 500 (Internal Server Error) @ http://localhost:3000/trpc/events.list?input=%7B%22limit%22%3A50%7D:0
[  720467ms] [ERROR] Failed to load resource: the server responded with a status of 500 (Internal Server Error) @ http://localhost:3000/trpc/presence.getOnlineUsers:0
[  723523ms] [ERROR] Failed to load resource: the server responded with a status of 500 (Internal Server Error) @ http://localhost:3000/trpc/clusters.list:0
