[    3461ms] [ERROR] Failed to load resource: the server responded with a status of 451 () @ https://api.rlcdn.com/api/identity/envelope?pid=34:0
[    3705ms] [ERROR] Attestation check for Shared Storage on https://www.googleadservices.com failed. @ https://www.googleadservices.com/pagead/managed/js/activeview/current/reach_worklet.html:0
[    3884ms] [ERROR] Failed to load resource: the server responded with a status of 404 () @ https://x.bidswitch.net/ul_cb/sync?ssp=sekindo&gdpr=0&gdpr_consent=:0
[    3918ms] [ERROR] Failed to load resource: net::ERR_NAME_NOT_RESOLVED @ https://pixel-us-apac.rubiconproject.com/exchange/sync.php?p=yieldmo&us_privacy=:0
[    4012ms] [ERROR] Failed to load resource: the server responded with a status of 410 (Gone) @ https://ads.stickyadstv.com/user-matching?id=3586&gdpr=0&gdpr_consent=:0
[    3918ms] [ERROR] Failed to load resource: net::ERR_NAME_NOT_RESOLVED @ https://pixel-us-apac.rubiconproject.com/exchange/sync.php?p=yieldmo&us_privacy=:0
[    3705ms] [ERROR] Attestation check for Shared Storage on https://www.googleadservices.com failed. @ https://www.googleadservices.com/pagead/managed/js/activeview/current/reach_worklet.html:0
[    3705ms] [ERROR] Attestation check for Shared Storage on https://www.googleadservices.com failed. @ https://www.googleadservices.com/pagead/managed/js/activeview/current/reach_worklet.html:0
[    4422ms] [ERROR] Attestation check for Shared Storage on https://www.googleadservices.com failed. @ https://www.googleadservices.com/pagead/managed/js/activeview/current/reach_worklet.html:0
[    4423ms] [ERROR] Attestation check for Shared Storage on https://www.googleadservices.com failed. @ https://www.googleadservices.com/pagead/managed/js/activeview/current/reach_worklet.html:0
[    3705ms] [ERROR] Attestation check for Shared Storage on https://www.googleadservices.com failed. @ https://www.googleadservices.com/pagead/managed/js/activeview/current/reach_worklet.html:0
[    4422ms] [ERROR] Attestation check for Shared Storage on https://www.googleadservices.com failed. @ https://www.googleadservices.com/pagead/managed/js/activeview/current/reach_worklet.html:0
[    4423ms] [ERROR] Attestation check for Shared Storage on https://www.googleadservices.com failed. @ https://www.googleadservices.com/pagead/managed/js/activeview/current/reach_worklet.html:0
[    3705ms] [ERROR] Attestation check for Shared Storage on https://www.googleadservices.com failed. @ https://www.googleadservices.com/pagead/managed/js/activeview/current/reach_worklet.html:0
[    4422ms] [ERROR] Attestation check for Shared Storage on https://www.googleadservices.com failed. @ https://www.googleadservices.com/pagead/managed/js/activeview/current/reach_worklet.html:0
[    4423ms] [ERROR] Attestation check for Shared Storage on https://www.googleadservices.com failed. @ https://www.googleadservices.com/pagead/managed/js/activeview/current/reach_worklet.html:0
[    3705ms] [ERROR] Attestation check for Shared Storage on https://www.googleadservices.com failed. @ https://www.googleadservices.com/pagead/managed/js/activeview/current/reach_worklet.html:0
[    4422ms] [ERROR] Attestation check for Shared Storage on https://www.googleadservices.com failed. @ https://www.googleadservices.com/pagead/managed/js/activeview/current/reach_worklet.html:0
[    4423ms] [ERROR] Attestation check for Shared Storage on https://www.googleadservices.com failed. @ https://www.googleadservices.com/pagead/managed/js/activeview/current/reach_worklet.html:0
[    4466ms] [ERROR] Attestation check for Shared Storage on https://www.googleadservices.com failed. @ https://www.googleadservices.com/pagead/managed/js/activeview/current/reach_worklet.html:0
[    4467ms] [ERROR] Attestation check for Shared Storage on https://www.googleadservices.com failed. @ https://www.googleadservices.com/pagead/managed/js/activeview/current/reach_worklet.html:0
[    4467ms] [ERROR] Attestation check for Shared Storage on https://www.googleadservices.com failed. @ https://www.googleadservices.com/pagead/managed/js/activeview/current/reach_worklet.html:0
[    4904ms] [ERROR] Failed to load resource: net::ERR_NAME_NOT_RESOLVED @ https://cs.lkqd.net/cs?partnerId=59&redirect=https%3A%2F%2Fcm.g.doubleclick.net%2Fpixel%3Fgoogle_nid%3Dlkqd_dbm%26google_hm%3D%24%24rawlkqduserid%7Cbase64%24%24:0
[    4904ms] [ERROR] Failed to load resource: net::ERR_NAME_NOT_RESOLVED @ https://cs.lkqd.net/cs?partnerId=59&partnerUserId=CAESECXQ6Ropi4ixWhV4BNLovZ0&google_cver=1:0
[    4945ms] [ERROR] Failed to load resource: net::ERR_NAME_NOT_RESOLVED @ https://sync.search.spotxchange.com/partner?adv_id=7715&uid=1227050356674168508:0
[    4981ms] [ERROR] Failed to load resource: net::ERR_NAME_NOT_RESOLVED @ https://cs.lkqd.net/cs?partnerId=59&redirect=https%3A%2F%2Fcm.g.doubleclick.net%2Fpixel%3Fgoogle_nid%3Dlkqd_dbm%26google_hm%3D%24%24rawlkqduserid%7Cbase64%24%24:0
[    4981ms] [ERROR] Failed to load resource: net::ERR_NAME_NOT_RESOLVED @ https://cs.lkqd.net/cs?partnerId=59&partnerUserId=CAESECXQ6Ropi4ixWhV4BNLovZ0&google_cver=1:0
[    3705ms] [ERROR] Attestation check for Shared Storage on https://www.googleadservices.com failed. @ https://www.googleadservices.com/pagead/managed/js/activeview/current/reach_worklet.html:0
[    4422ms] [ERROR] Attestation check for Shared Storage on https://www.googleadservices.com failed. @ https://www.googleadservices.com/pagead/managed/js/activeview/current/reach_worklet.html:0
[    4423ms] [ERROR] Attestation check for Shared Storage on https://www.googleadservices.com failed. @ https://www.googleadservices.com/pagead/managed/js/activeview/current/reach_worklet.html:0
[    4466ms] [ERROR] Attestation check for Shared Storage on https://www.googleadservices.com failed. @ https://www.googleadservices.com/pagead/managed/js/activeview/current/reach_worklet.html:0
[    4467ms] [ERROR] Attestation check for Shared Storage on https://www.googleadservices.com failed. @ https://www.googleadservices.com/pagead/managed/js/activeview/current/reach_worklet.html:0
[    4467ms] [ERROR] Attestation check for Shared Storage on https://www.googleadservices.com failed. @ https://www.googleadservices.com/pagead/managed/js/activeview/current/reach_worklet.html:0
[    3705ms] [ERROR] Attestation check for Shared Storage on https://www.googleadservices.com failed. @ https://www.googleadservices.com/pagead/managed/js/activeview/current/reach_worklet.html:0
[    4422ms] [ERROR] Attestation check for Shared Storage on https://www.googleadservices.com failed. @ https://www.googleadservices.com/pagead/managed/js/activeview/current/reach_worklet.html:0
[    4423ms] [ERROR] Attestation check for Shared Storage on https://www.googleadservices.com failed. @ https://www.googleadservices.com/pagead/managed/js/activeview/current/reach_worklet.html:0
[    4466ms] [ERROR] Attestation check for Shared Storage on https://www.googleadservices.com failed. @ https://www.googleadservices.com/pagead/managed/js/activeview/current/reach_worklet.html:0
[    4467ms] [ERROR] Attestation check for Shared Storage on https://www.googleadservices.com failed. @ https://www.googleadservices.com/pagead/managed/js/activeview/current/reach_worklet.html:0
[    4467ms] [ERROR] Attestation check for Shared Storage on https://www.googleadservices.com failed. @ https://www.googleadservices.com/pagead/managed/js/activeview/current/reach_worklet.html:0
[    5647ms] [ERROR] Attestation check for Shared Storage on https://www.googleadservices.com failed. @ https://www.googleadservices.com/pagead/managed/js/activeview/current/reach_worklet.html:0
[    5648ms] [ERROR] Attestation check for Shared Storage on https://www.googleadservices.com failed. @ https://www.googleadservices.com/pagead/managed/js/activeview/current/reach_worklet.html:0
[    7093ms] [ERROR] Failed to load resource: the server responded with a status of 400 (Bad Request) @ https://cpm.vistarsagency.com/user-sync?zone=297502&t=image&r=https%3A%2F%2Fprebid.admatic.de%2Fsetuid%3Fbidder%3Dvistar%26gdpr%3D%26gdpr_consent%3D%26f%3Di%26uid%3D%7BUID%7D:0
[    7093ms] [ERROR] Failed to load resource: the server responded with a status of 400 (Bad Request) @ https://cpm.vistarsagency.com/user-sync?zone=297502&t=image&r=https%3A%2F%2Fprebid.admatic.de%2Fsetuid%3Fbidder%3Dvistar%26gdpr%3D%26gdpr_consent%3D%26f%3Di%26uid%3D%7BUID%7D:0
[    7651ms] [ERROR] Failed to load resource: the server responded with a status of 400 (Bad Request) @ https://cpm.vistarsagency.com/user-sync?zone=297502&t=image&r=https%3A%2F%2Fprebid.admatic.de%2Fsetuid%3Fbidder%3Dvistar%26gdpr%3D%26gdpr_consent%3D%26f%3Di%26uid%3D%7BUID%7D:0
[    8031ms] [ERROR] Mixed Content: The page at 'https://jsonformatter.org/' was loaded over HTTPS, but requested an insecure frame 'http://sync.pmbmonetize.live/psync?t=s&e=247&gdpr=&gdpr_consent=&us_privacy=&gpp=&gpp_sid=&cb=https%3A%2F%2Fcookies.nextmillmedia.com%2Fsetuid%3Fbidder%3Dadipolo%26nmuid%3D%26gdpr%3D%26gdpr_consent%3D%26us_privacy%3D%26uid%3D%25USER_ID%25'. This request has been blocked; the content must be served over HTTPS. @ https://cookies.nextmillmedia.com/sync?redirect=https%3A%2F%2Fsync.adkernel.com%2Fuser-sync%3Fzone%3D308936%26dsp%3D830598%26t%3Diframe%26uid%3D%5BNMUID%5D:40
[    7093ms] [ERROR] Failed to load resource: the server responded with a status of 400 (Bad Request) @ https://cpm.vistarsagency.com/user-sync?zone=297502&t=image&r=https%3A%2F%2Fprebid.admatic.de%2Fsetuid%3Fbidder%3Dvistar%26gdpr%3D%26gdpr_consent%3D%26f%3Di%26uid%3D%7BUID%7D:0
[    7651ms] [ERROR] Failed to load resource: the server responded with a status of 400 (Bad Request) @ https://cpm.vistarsagency.com/user-sync?zone=297502&t=image&r=https%3A%2F%2Fprebid.admatic.de%2Fsetuid%3Fbidder%3Dvistar%26gdpr%3D%26gdpr_consent%3D%26f%3Di%26uid%3D%7BUID%7D:0
[    7093ms] [ERROR] Failed to load resource: the server responded with a status of 400 (Bad Request) @ https://cpm.vistarsagency.com/user-sync?zone=297502&t=image&r=https%3A%2F%2Fprebid.admatic.de%2Fsetuid%3Fbidder%3Dvistar%26gdpr%3D%26gdpr_consent%3D%26f%3Di%26uid%3D%7BUID%7D:0
[    7651ms] [ERROR] Failed to load resource: the server responded with a status of 400 (Bad Request) @ https://cpm.vistarsagency.com/user-sync?zone=297502&t=image&r=https%3A%2F%2Fprebid.admatic.de%2Fsetuid%3Fbidder%3Dvistar%26gdpr%3D%26gdpr_consent%3D%26f%3Di%26uid%3D%7BUID%7D:0
[    7093ms] [ERROR] Failed to load resource: the server responded with a status of 400 (Bad Request) @ https://cpm.vistarsagency.com/user-sync?zone=297502&t=image&r=https%3A%2F%2Fprebid.admatic.de%2Fsetuid%3Fbidder%3Dvistar%26gdpr%3D%26gdpr_consent%3D%26f%3Di%26uid%3D%7BUID%7D:0
[    7651ms] [ERROR] Failed to load resource: the server responded with a status of 400 (Bad Request) @ https://cpm.vistarsagency.com/user-sync?zone=297502&t=image&r=https%3A%2F%2Fprebid.admatic.de%2Fsetuid%3Fbidder%3Dvistar%26gdpr%3D%26gdpr_consent%3D%26f%3Di%26uid%3D%7BUID%7D:0
[    7093ms] [ERROR] Failed to load resource: the server responded with a status of 400 (Bad Request) @ https://cpm.vistarsagency.com/user-sync?zone=297502&t=image&r=https%3A%2F%2Fprebid.admatic.de%2Fsetuid%3Fbidder%3Dvistar%26gdpr%3D%26gdpr_consent%3D%26f%3Di%26uid%3D%7BUID%7D:0
[    7651ms] [ERROR] Failed to load resource: the server responded with a status of 400 (Bad Request) @ https://cpm.vistarsagency.com/user-sync?zone=297502&t=image&r=https%3A%2F%2Fprebid.admatic.de%2Fsetuid%3Fbidder%3Dvistar%26gdpr%3D%26gdpr_consent%3D%26f%3Di%26uid%3D%7BUID%7D:0
[    8031ms] [ERROR] Mixed Content: The page at 'https://jsonformatter.org/' was loaded over HTTPS, but requested an insecure frame 'http://sync.pmbmonetize.live/psync?t=s&e=247&gdpr=&gdpr_consent=&us_privacy=&gpp=&gpp_sid=&cb=https%3A%2F%2Fcookies.nextmillmedia.com%2Fsetuid%3Fbidder%3Dadipolo%26nmuid%3D%26gdpr%3D%26gdpr_consent%3D%26us_privacy%3D%26uid%3D%25USER_ID%25'. This request has been blocked; the content must be served over HTTPS. @ https://cookies.nextmillmedia.com/sync?redirect=https%3A%2F%2Fsync.adkernel.com%2Fuser-sync%3Fzone%3D308936%26dsp%3D830598%26t%3Diframe%26uid%3D%5BNMUID%5D:40
[    8031ms] [ERROR] Mixed Content: The page at 'https://jsonformatter.org/' was loaded over HTTPS, but requested an insecure frame 'http://sync.pmbmonetize.live/psync?t=s&e=247&gdpr=&gdpr_consent=&us_privacy=&gpp=&gpp_sid=&cb=https%3A%2F%2Fcookies.nextmillmedia.com%2Fsetuid%3Fbidder%3Dadipolo%26nmuid%3D%26gdpr%3D%26gdpr_consent%3D%26us_privacy%3D%26uid%3D%25USER_ID%25'. This request has been blocked; the content must be served over HTTPS. @ https://cookies.nextmillmedia.com/sync?redirect=https%3A%2F%2Fsync.adkernel.com%2Fuser-sync%3Fzone%3D308936%26dsp%3D830598%26t%3Diframe%26uid%3D%5BNMUID%5D:40
[    8885ms] [ERROR] Failed to load resource: the server responded with a status of 400 (Bad Request) @ https://cpm.vistarsagency.com/user-sync?zone=297502&t=image&r=https%3A%2F%2Fprebid.admatic.de%2Fsetuid%3Fbidder%3Dvistar%26gdpr%3D%26gdpr_consent%3D%26f%3Di%26uid%3D%7BUID%7D:0
[    8889ms] [ERROR] Mixed Content: The page at 'https://jsonformatter.org/' was loaded over HTTPS, but requested an insecure frame 'http://sync.pmbmonetize.live/psync?t=s&e=247&gdpr=&gdpr_consent=&us_privacy=&gpp=&gpp_sid=&cb=https%3A%2F%2Fcookies.nextmillmedia.com%2Fsetuid%3Fbidder%3Dadipolo%26nmuid%3Db43fa958-ebf3-4227-89f9-c6759747a5fc%26gdpr%3D%26gdpr_consent%3D%26us_privacy%3D%26uid%3D%25USER_ID%25'. This request has been blocked; the content must be served over HTTPS. @ https://cookies.nextmillmedia.com/sync?redirect=https%3A%2F%2Fsync.adkernel.com%2Fuser-sync%3Fzone%3D308936%26dsp%3D830598%26t%3Diframe%26uid%3D%5BNMUID%5D:40
[    9113ms] [ERROR] Failed to load resource: the server responded with a status of 400 (Bad Request) @ https://cpm.vistarsagency.com/user-sync?zone=297502&t=image&r=https%3A%2F%2Fprebid.admatic.de%2Fsetuid%3Fbidder%3Dvistar%26gdpr%3D%26gdpr_consent%3D%26f%3Di%26uid%3D%7BUID%7D:0
[    9302ms] [ERROR] Failed to load resource: the server responded with a status of 400 () @ https://eb2.3lift.com/getuid?gdpr=0&gdpr_consent=&redir=https%3A%2F%2Fvisitor.us-west1.gcp.omnitagjs.com%2Fvisitor%2Fsync%3Fgdpr%3D0%26gdpr_consent%3D%26is_cookie_sync_uid%3D1%26name%3DTRIPLELIFT_cookie_sync%26ttl%3D720%26uid%3D771bebe2d6221e9ca65e16ebf8d2f6f3%26visitor%3D%24UID:0
[    9666ms] [ERROR] Failed to load resource: net::ERR_NAME_NOT_RESOLVED @ https://cs.lkqd.net/cs?partnerId=109&partnerUserId=5917f1b0f0&gdpr=0&gdpr_consent=:0
[    8031ms] [ERROR] Mixed Content: The page at 'https://jsonformatter.org/' was loaded over HTTPS, but requested an insecure frame 'http://sync.pmbmonetize.live/psync?t=s&e=247&gdpr=&gdpr_consent=&us_privacy=&gpp=&gpp_sid=&cb=https%3A%2F%2Fcookies.nextmillmedia.com%2Fsetuid%3Fbidder%3Dadipolo%26nmuid%3D%26gdpr%3D%26gdpr_consent%3D%26us_privacy%3D%26uid%3D%25USER_ID%25'. This request has been blocked; the content must be served over HTTPS. @ https://cookies.nextmillmedia.com/sync?redirect=https%3A%2F%2Fsync.adkernel.com%2Fuser-sync%3Fzone%3D308936%26dsp%3D830598%26t%3Diframe%26uid%3D%5BNMUID%5D:40
[    8889ms] [ERROR] Mixed Content: The page at 'https://jsonformatter.org/' was loaded over HTTPS, but requested an insecure frame 'http://sync.pmbmonetize.live/psync?t=s&e=247&gdpr=&gdpr_consent=&us_privacy=&gpp=&gpp_sid=&cb=https%3A%2F%2Fcookies.nextmillmedia.com%2Fsetuid%3Fbidder%3Dadipolo%26nmuid%3Db43fa958-ebf3-4227-89f9-c6759747a5fc%26gdpr%3D%26gdpr_consent%3D%26us_privacy%3D%26uid%3D%25USER_ID%25'. This request has been blocked; the content must be served over HTTPS. @ https://cookies.nextmillmedia.com/sync?redirect=https%3A%2F%2Fsync.adkernel.com%2Fuser-sync%3Fzone%3D308936%26dsp%3D830598%26t%3Diframe%26uid%3D%5BNMUID%5D:40
[    9739ms] [ERROR] Failed to load resource: the server responded with a status of 502 () @ chrome-error://chromewebdata/:0
[    9742ms] [ERROR] Refused to display 'https://cs.ingage.tech/' in a frame because it set 'X-Frame-Options' to 'sameorigin'. @ chrome-error://chromewebdata/:0
[    9666ms] [ERROR] Failed to load resource: net::ERR_NAME_NOT_RESOLVED @ https://cs.lkqd.net/cs?partnerId=109&partnerUserId=5917f1b0f0&gdpr=0&gdpr_consent=:0
[    8031ms] [ERROR] Mixed Content: The page at 'https://jsonformatter.org/' was loaded over HTTPS, but requested an insecure frame 'http://sync.pmbmonetize.live/psync?t=s&e=247&gdpr=&gdpr_consent=&us_privacy=&gpp=&gpp_sid=&cb=https%3A%2F%2Fcookies.nextmillmedia.com%2Fsetuid%3Fbidder%3Dadipolo%26nmuid%3D%26gdpr%3D%26gdpr_consent%3D%26us_privacy%3D%26uid%3D%25USER_ID%25'. This request has been blocked; the content must be served over HTTPS. @ https://cookies.nextmillmedia.com/sync?redirect=https%3A%2F%2Fsync.adkernel.com%2Fuser-sync%3Fzone%3D308936%26dsp%3D830598%26t%3Diframe%26uid%3D%5BNMUID%5D:40
[    8889ms] [ERROR] Mixed Content: The page at 'https://jsonformatter.org/' was loaded over HTTPS, but requested an insecure frame 'http://sync.pmbmonetize.live/psync?t=s&e=247&gdpr=&gdpr_consent=&us_privacy=&gpp=&gpp_sid=&cb=https%3A%2F%2Fcookies.nextmillmedia.com%2Fsetuid%3Fbidder%3Dadipolo%26nmuid%3Db43fa958-ebf3-4227-89f9-c6759747a5fc%26gdpr%3D%26gdpr_consent%3D%26us_privacy%3D%26uid%3D%25USER_ID%25'. This request has been blocked; the content must be served over HTTPS. @ https://cookies.nextmillmedia.com/sync?redirect=https%3A%2F%2Fsync.adkernel.com%2Fuser-sync%3Fzone%3D308936%26dsp%3D830598%26t%3Diframe%26uid%3D%5BNMUID%5D:40
[    9884ms] [ERROR] Mixed Content: The page at 'https://jsonformatter.org/' was loaded over HTTPS, but requested an insecure frame 'http://sync.pmbmonetize.live/psync?t=s&e=247&gdpr=&gdpr_consent=&us_privacy=&gpp=&gpp_sid=&cb=https%3A%2F%2Fcookies.nextmillmedia.com%2Fsetuid%3Fbidder%3Dadipolo%26nmuid%3Db43fa958-ebf3-4227-89f9-c6759747a5fc%26gdpr%3D%26gdpr_consent%3D%26us_privacy%3D%26uid%3D%25USER_ID%25'. This request has been blocked; the content must be served over HTTPS. @ https://cookies.nextmillmedia.com/sync?gdpr=&gdpr_consent=&us_privacy=&redirect=https%3A%2F%2Fsync.cootlogix.com%2Fapi%2Fcookie%3FpartnerId%3Dnextmillmedia%26userId%3D%5BNMUID%5D%26gdpr%3D%26gdpr_consent%3D%26us_privacy%3D:40
[    7093ms] [ERROR] Failed to load resource: the server responded with a status of 400 (Bad Request) @ https://cpm.vistarsagency.com/user-sync?zone=297502&t=image&r=https%3A%2F%2Fprebid.admatic.de%2Fsetuid%3Fbidder%3Dvistar%26gdpr%3D%26gdpr_consent%3D%26f%3Di%26uid%3D%7BUID%7D:0
[    7651ms] [ERROR] Failed to load resource: the server responded with a status of 400 (Bad Request) @ https://cpm.vistarsagency.com/user-sync?zone=297502&t=image&r=https%3A%2F%2Fprebid.admatic.de%2Fsetuid%3Fbidder%3Dvistar%26gdpr%3D%26gdpr_consent%3D%26f%3Di%26uid%3D%7BUID%7D:0
[    8885ms] [ERROR] Failed to load resource: the server responded with a status of 400 (Bad Request) @ https://cpm.vistarsagency.com/user-sync?zone=297502&t=image&r=https%3A%2F%2Fprebid.admatic.de%2Fsetuid%3Fbidder%3Dvistar%26gdpr%3D%26gdpr_consent%3D%26f%3Di%26uid%3D%7BUID%7D:0
[    9113ms] [ERROR] Failed to load resource: the server responded with a status of 400 (Bad Request) @ https://cpm.vistarsagency.com/user-sync?zone=297502&t=image&r=https%3A%2F%2Fprebid.admatic.de%2Fsetuid%3Fbidder%3Dvistar%26gdpr%3D%26gdpr_consent%3D%26f%3Di%26uid%3D%7BUID%7D:0
[   10552ms] [ERROR] Failed to load resource: the server responded with a status of 400 (Bad Request) @ https://cpm.vistarsagency.com/user-sync?zone=297502&t=image&r=https%3A%2F%2Fprebid.admatic.de%2Fsetuid%3Fbidder%3Dvistar%26gdpr%3D%26gdpr_consent%3D%26f%3Di%26uid%3D%7BUID%7D:0
[   10568ms] [ERROR] Failed to load resource: the server responded with a status of 502 () @ chrome-error://chromewebdata/:0
[   10569ms] [ERROR] Refused to display 'https://cs.ingage.tech/' in a frame because it set 'X-Frame-Options' to 'sameorigin'. @ chrome-error://chromewebdata/:0
[    9739ms] [ERROR] Failed to load resource: the server responded with a status of 502 () @ chrome-error://chromewebdata/:0
[    9742ms] [ERROR] Refused to display 'https://cs.ingage.tech/' in a frame because it set 'X-Frame-Options' to 'sameorigin'. @ chrome-error://chromewebdata/:0
[   10568ms] [ERROR] Failed to load resource: the server responded with a status of 502 () @ chrome-error://chromewebdata/:0
[   10569ms] [ERROR] Refused to display 'https://cs.ingage.tech/' in a frame because it set 'X-Frame-Options' to 'sameorigin'. @ chrome-error://chromewebdata/:0
[   10862ms] [ERROR] Failed to load resource: net::ERR_CONNECTION_RESET @ https://csync.copper6.com/f3c49daf592d06bab39258cac72c0de9.gif?gdpr=0&gdpr_consent=&redir=https%3A%2F%2Fvisitor.us-west1.gcp.omnitagjs.com%2Fvisitor%2Fsync%3Fgdpr%3D0%26gdpr_consent%3D%26is_cookie_sync_uid%3D1%26name%3DCOPPER6_APP_cookie_sync%26ttl%3D720%26uid%3D123285a4642e0170ed8b35a36075585%26visitor%3D%5BUID%5D:0
[    8031ms] [ERROR] Mixed Content: The page at 'https://jsonformatter.org/' was loaded over HTTPS, but requested an insecure frame 'http://sync.pmbmonetize.live/psync?t=s&e=247&gdpr=&gdpr_consent=&us_privacy=&gpp=&gpp_sid=&cb=https%3A%2F%2Fcookies.nextmillmedia.com%2Fsetuid%3Fbidder%3Dadipolo%26nmuid%3D%26gdpr%3D%26gdpr_consent%3D%26us_privacy%3D%26uid%3D%25USER_ID%25'. This request has been blocked; the content must be served over HTTPS. @ https://cookies.nextmillmedia.com/sync?redirect=https%3A%2F%2Fsync.adkernel.com%2Fuser-sync%3Fzone%3D308936%26dsp%3D830598%26t%3Diframe%26uid%3D%5BNMUID%5D:40
[    8889ms] [ERROR] Mixed Content: The page at 'https://jsonformatter.org/' was loaded over HTTPS, but requested an insecure frame 'http://sync.pmbmonetize.live/psync?t=s&e=247&gdpr=&gdpr_consent=&us_privacy=&gpp=&gpp_sid=&cb=https%3A%2F%2Fcookies.nextmillmedia.com%2Fsetuid%3Fbidder%3Dadipolo%26nmuid%3Db43fa958-ebf3-4227-89f9-c6759747a5fc%26gdpr%3D%26gdpr_consent%3D%26us_privacy%3D%26uid%3D%25USER_ID%25'. This request has been blocked; the content must be served over HTTPS. @ https://cookies.nextmillmedia.com/sync?redirect=https%3A%2F%2Fsync.adkernel.com%2Fuser-sync%3Fzone%3D308936%26dsp%3D830598%26t%3Diframe%26uid%3D%5BNMUID%5D:40
[    9884ms] [ERROR] Mixed Content: The page at 'https://jsonformatter.org/' was loaded over HTTPS, but requested an insecure frame 'http://sync.pmbmonetize.live/psync?t=s&e=247&gdpr=&gdpr_consent=&us_privacy=&gpp=&gpp_sid=&cb=https%3A%2F%2Fcookies.nextmillmedia.com%2Fsetuid%3Fbidder%3Dadipolo%26nmuid%3Db43fa958-ebf3-4227-89f9-c6759747a5fc%26gdpr%3D%26gdpr_consent%3D%26us_privacy%3D%26uid%3D%25USER_ID%25'. This request has been blocked; the content must be served over HTTPS. @ https://cookies.nextmillmedia.com/sync?gdpr=&gdpr_consent=&us_privacy=&redirect=https%3A%2F%2Fsync.cootlogix.com%2Fapi%2Fcookie%3FpartnerId%3Dnextmillmedia%26userId%3D%5BNMUID%5D%26gdpr%3D%26gdpr_consent%3D%26us_privacy%3D:40
[    7093ms] [ERROR] Failed to load resource: the server responded with a status of 400 (Bad Request) @ https://cpm.vistarsagency.com/user-sync?zone=297502&t=image&r=https%3A%2F%2Fprebid.admatic.de%2Fsetuid%3Fbidder%3Dvistar%26gdpr%3D%26gdpr_consent%3D%26f%3Di%26uid%3D%7BUID%7D:0
[    7651ms] [ERROR] Failed to load resource: the server responded with a status of 400 (Bad Request) @ https://cpm.vistarsagency.com/user-sync?zone=297502&t=image&r=https%3A%2F%2Fprebid.admatic.de%2Fsetuid%3Fbidder%3Dvistar%26gdpr%3D%26gdpr_consent%3D%26f%3Di%26uid%3D%7BUID%7D:0
[    8885ms] [ERROR] Failed to load resource: the server responded with a status of 400 (Bad Request) @ https://cpm.vistarsagency.com/user-sync?zone=297502&t=image&r=https%3A%2F%2Fprebid.admatic.de%2Fsetuid%3Fbidder%3Dvistar%26gdpr%3D%26gdpr_consent%3D%26f%3Di%26uid%3D%7BUID%7D:0
[    9113ms] [ERROR] Failed to load resource: the server responded with a status of 400 (Bad Request) @ https://cpm.vistarsagency.com/user-sync?zone=297502&t=image&r=https%3A%2F%2Fprebid.admatic.de%2Fsetuid%3Fbidder%3Dvistar%26gdpr%3D%26gdpr_consent%3D%26f%3Di%26uid%3D%7BUID%7D:0
[   10552ms] [ERROR] Failed to load resource: the server responded with a status of 400 (Bad Request) @ https://cpm.vistarsagency.com/user-sync?zone=297502&t=image&r=https%3A%2F%2Fprebid.admatic.de%2Fsetuid%3Fbidder%3Dvistar%26gdpr%3D%26gdpr_consent%3D%26f%3Di%26uid%3D%7BUID%7D:0
[   11751ms] [ERROR] Failed to load resource: the server responded with a status of 404 () @ https://sync.crwdcntrl.net/qmap?c=2700&tp=UNDR&gdpr=&gdpr_consent=&tpid=dszwfcw1pkwm90gov0tttp8tx:0
[   11788ms] [ERROR] Failed to load resource: the server responded with a status of 400 () @ https://ssum-sec.casalemedia.com/usermatch?s=194558&cb=https%3A%2F%2Fu-ams.4dex.io%2Fsetuid%3Fbidder%3Dindexexchange%26it%3Dortb%26uid%3D:0
[   11830ms] [ERROR] Failed to load resource: the server responded with a status of 502 () @ chrome-error://chromewebdata/:0
[   11833ms] [ERROR] Refused to display 'https://cs.ingage.tech/' in a frame because it set 'X-Frame-Options' to 'sameorigin'. @ chrome-error://chromewebdata/:0
[   11889ms] [ERROR] Failed to load resource: the server responded with a status of 400 (Bad Request) @ https://cpm.vistarsagency.com/user-sync?zone=297502&t=image&r=https%3A%2F%2Fprebid.admatic.de%2Fsetuid%3Fbidder%3Dvistar%26gdpr%3D%26gdpr_consent%3D%26f%3Di%26uid%3D%7BUID%7D:0
[    9302ms] [ERROR] Failed to load resource: the server responded with a status of 400 () @ https://eb2.3lift.com/getuid?gdpr=0&gdpr_consent=&redir=https%3A%2F%2Fvisitor.us-west1.gcp.omnitagjs.com%2Fvisitor%2Fsync%3Fgdpr%3D0%26gdpr_consent%3D%26is_cookie_sync_uid%3D1%26name%3DTRIPLELIFT_cookie_sync%26ttl%3D720%26uid%3D771bebe2d6221e9ca65e16ebf8d2f6f3%26visitor%3D%24UID:0
[   10862ms] [ERROR] Failed to load resource: net::ERR_CONNECTION_RESET @ https://csync.copper6.com/f3c49daf592d06bab39258cac72c0de9.gif?gdpr=0&gdpr_consent=&redir=https%3A%2F%2Fvisitor.us-west1.gcp.omnitagjs.com%2Fvisitor%2Fsync%3Fgdpr%3D0%26gdpr_consent%3D%26is_cookie_sync_uid%3D1%26name%3DCOPPER6_APP_cookie_sync%26ttl%3D720%26uid%3D123285a4642e0170ed8b35a36075585%26visitor%3D%5BUID%5D:0
[   13179ms] [ERROR] Failed to load resource: net::ERR_HTTP2_SERVER_REFUSED_STREAM @ https://cs.admanmedia.com/e805be652c9053b8f771665f0ac3c361.gif?puid=k-tLtU25gUj5ABeO-SuDgC-NzGmGw0bwILettpDw&redir=https%3a%2f%2fssp-sync.criteo.com%2fuser-sync%2fmatch%3fp%3dJmC9R184dFh4aHJ1aWNJWnJ4Nk9yczMlMkZFU05raTJpcWs5N2JxcGdydWc3WWVxVVElM0Q%26u%3d%5bUID%5d&gdpr=&gdpr_consent=&ccpa=:0
[   13264ms] [ERROR] Failed to load resource: the server responded with a status of 400 () @ https://eb2.3lift.com/xuid?idenv=:0
[   13852ms] [ERROR] Failed to load resource: the server responded with a status of 502 () @ chrome-error://chromewebdata/:0
[   13855ms] [ERROR] Refused to display 'https://cs.ingage.tech/' in a frame because it set 'X-Frame-Options' to 'sameorigin'. @ chrome-error://chromewebdata/:0
[   14793ms] [ERROR] Failed to load resource: the server responded with a status of 502 () @ chrome-error://chromewebdata/:0
[   14798ms] [ERROR] Refused to display 'https://cs.ingage.tech/' in a frame because it set 'X-Frame-Options' to 'sameorigin'. @ chrome-error://chromewebdata/:0
[   15514ms] [ERROR] Failed to load resource: net::ERR_HTTP2_SERVER_REFUSED_STREAM @ https://cs.admanmedia.com/e805be652c9053b8f771665f0ac3c361.gif?puid=k-tLtU25gUj5ABeO-SuDgC-NzGmGw0bwILettpDw&redir=https%3a%2f%2fssp-sync.criteo.com%2fuser-sync%2fmatch%3fp%3dQ6vU4F9CJTJGRTRwM3N0c0RyNVluMTNBOXRDdTVtWnlQNkdVOHR4ViUyQmtBVmZ2TTJnVSUzRA%26u%3d%5bUID%5d&gdpr=&gdpr_consent=&ccpa=:0
[   15515ms] [ERROR] Failed to load resource: net::ERR_HTTP2_SERVER_REFUSED_STREAM @ https://cs.admanmedia.com/e805be652c9053b8f771665f0ac3c361.gif?puid=k-tLtU25gUj5ABeO-SuDgC-NzGmGw0bwILettpDw&redir=https%3a%2f%2fssp-sync.criteo.com%2fuser-sync%2fmatch%3fp%3d0VA8X18yaDlGT3RNYzZjMldGUmIxJTJGUmo0bWpSMTZJVGJHS2F2R3dyY0xHb2FOaUElM0Q%26u%3d%5bUID%5d&gdpr=0&gdpr_consent=&ccpa=:0
[   15515ms] [ERROR] Failed to load resource: net::ERR_HTTP2_SERVER_REFUSED_STREAM @ https://cs.admanmedia.com/2e2cd80ed2c36fa49cf9580703081ade.gif?puid=cf82d5c0-d6ee-419b-afad-6d6435d023c0&redir=https%3A%2F%2Fms-cookie-sync.presage.io%2Fuser-sync%3Fillumin_id%3D%5BUID%5D%26gdpr%3D0%26gdpr_consent%3D&gdpr=0&gdpr_consent=:0
[   15517ms] [ERROR] Failed to load resource: net::ERR_HTTP2_SERVER_REFUSED_STREAM @ https://cs.admanmedia.com/60967d2e0594f2cb7e88f52e0a1f64d7.gif?puid=444b5d52-acd0-48db-986b-33916f7270cd&redir=https%3A%2F%2Fittpx.eskimi.com%2Fsync%3Fdp_id%3D106%26user_id%3D%5BUID%5D&gdpr=0&gdpr_consent=&ccpa=&gpp=&gpp_sid=:0
[   20005ms] [ERROR] Failed to load resource: net::ERR_HTTP2_SERVER_REFUSED_STREAM @ https://cs.admanmedia.com/45f6616f8301569fb3628edffa5edae8.gif?gdpr=0&gdpr_consent=&ccpa=&coppa=&gpp=&gpp_sid=&redir=https%3A%2F%2Fssp.disqus.com%2Fmatch%3Fbidder%3D47%26r%3DCid1YS01N2MzY2IwOS03MjFkLTNhYjUtODcxYi1lNWQyMDc3NGE1ZjEqtgFodHRwczovL2Nvb2tpZXMubmV4dG1pbGxtZWRpYS5jb20vc2V0dWlkP2JpZGRlcj16ZXRhX2dsb2JhbF9zc3Ambm11aWQ9YjQzZmE5NTgtZWJmMy00MjI3LTg5ZjktYzY3NTk3NDdhNWZjJmdkcHI9JmdkcHJfY29uc2VudD0mdXNfcHJpdmFjeT0mdWlkPXVhLTU3YzNjYjA5LTcyMWQtM2FiNS04NzFiLWU1ZDIwNzc0YTVmMTICBi84Ag==%26buyeruid%3D%5BUID%5D:0
[    3918ms] [ERROR] Failed to load resource: net::ERR_NAME_NOT_RESOLVED @ https://pixel-us-apac.rubiconproject.com/exchange/sync.php?p=yieldmo&us_privacy=:0
[    3918ms] [ERROR] Failed to load resource: net::ERR_NAME_NOT_RESOLVED @ https://pixel-us-apac.rubiconproject.com/exchange/sync.php?p=yieldmo&us_privacy=:0
[    3918ms] [ERROR] Failed to load resource: net::ERR_NAME_NOT_RESOLVED @ https://pixel-us-apac.rubiconproject.com/exchange/sync.php?p=yieldmo&us_privacy=:0
[    3918ms] [ERROR] Failed to load resource: net::ERR_NAME_NOT_RESOLVED @ https://pixel-us-apac.rubiconproject.com/exchange/sync.php?p=yieldmo&us_privacy=:0
[    3918ms] [ERROR] Failed to load resource: net::ERR_NAME_NOT_RESOLVED @ https://pixel-us-apac.rubiconproject.com/exchange/sync.php?p=yieldmo&us_privacy=:0
[    3918ms] [ERROR] Failed to load resource: net::ERR_NAME_NOT_RESOLVED @ https://pixel-us-apac.rubiconproject.com/exchange/sync.php?p=yieldmo&us_privacy=:0
[    3918ms] [ERROR] Failed to load resource: net::ERR_NAME_NOT_RESOLVED @ https://pixel-us-apac.rubiconproject.com/exchange/sync.php?p=yieldmo&us_privacy=:0
[    3918ms] [ERROR] Failed to load resource: net::ERR_NAME_NOT_RESOLVED @ https://pixel-us-apac.rubiconproject.com/exchange/sync.php?p=yieldmo&us_privacy=:0
[    3918ms] [ERROR] Failed to load resource: net::ERR_NAME_NOT_RESOLVED @ https://pixel-us-apac.rubiconproject.com/exchange/sync.php?p=yieldmo&us_privacy=:0
[    3918ms] [ERROR] Failed to load resource: net::ERR_NAME_NOT_RESOLVED @ https://pixel-us-apac.rubiconproject.com/exchange/sync.php?p=yieldmo&us_privacy=:0
[    3918ms] [ERROR] Failed to load resource: net::ERR_NAME_NOT_RESOLVED @ https://pixel-us-apac.rubiconproject.com/exchange/sync.php?p=yieldmo&us_privacy=:0
[    3918ms] [ERROR] Failed to load resource: net::ERR_NAME_NOT_RESOLVED @ https://pixel-us-apac.rubiconproject.com/exchange/sync.php?p=yieldmo&us_privacy=:0
[    3918ms] [ERROR] Failed to load resource: net::ERR_NAME_NOT_RESOLVED @ https://pixel-us-apac.rubiconproject.com/exchange/sync.php?p=yieldmo&us_privacy=:0
[    3918ms] [ERROR] Failed to load resource: net::ERR_NAME_NOT_RESOLVED @ https://pixel-us-apac.rubiconproject.com/exchange/sync.php?p=yieldmo&us_privacy=:0
[    3918ms] [ERROR] Failed to load resource: net::ERR_NAME_NOT_RESOLVED @ https://pixel-us-apac.rubiconproject.com/exchange/sync.php?p=yieldmo&us_privacy=:0
[    3918ms] [ERROR] Failed to load resource: net::ERR_NAME_NOT_RESOLVED @ https://pixel-us-apac.rubiconproject.com/exchange/sync.php?p=yieldmo&us_privacy=:0
[    3918ms] [ERROR] Failed to load resource: net::ERR_NAME_NOT_RESOLVED @ https://pixel-us-apac.rubiconproject.com/exchange/sync.php?p=yieldmo&us_privacy=:0
[    3918ms] [ERROR] Failed to load resource: net::ERR_NAME_NOT_RESOLVED @ https://pixel-us-apac.rubiconproject.com/exchange/sync.php?p=yieldmo&us_privacy=:0
[    3918ms] [ERROR] Failed to load resource: net::ERR_NAME_NOT_RESOLVED @ https://pixel-us-apac.rubiconproject.com/exchange/sync.php?p=yieldmo&us_privacy=:0
[    3918ms] [ERROR] Failed to load resource: net::ERR_NAME_NOT_RESOLVED @ https://pixel-us-apac.rubiconproject.com/exchange/sync.php?p=yieldmo&us_privacy=:0
[    3918ms] [ERROR] Failed to load resource: net::ERR_NAME_NOT_RESOLVED @ https://pixel-us-apac.rubiconproject.com/exchange/sync.php?p=yieldmo&us_privacy=:0
[    3918ms] [ERROR] Failed to load resource: net::ERR_NAME_NOT_RESOLVED @ https://pixel-us-apac.rubiconproject.com/exchange/sync.php?p=yieldmo&us_privacy=:0
[    3918ms] [ERROR] Failed to load resource: net::ERR_NAME_NOT_RESOLVED @ https://pixel-us-apac.rubiconproject.com/exchange/sync.php?p=yieldmo&us_privacy=:0
[    3918ms] [ERROR] Failed to load resource: net::ERR_NAME_NOT_RESOLVED @ https://pixel-us-apac.rubiconproject.com/exchange/sync.php?p=yieldmo&us_privacy=:0
[    3918ms] [ERROR] Failed to load resource: net::ERR_NAME_NOT_RESOLVED @ https://pixel-us-apac.rubiconproject.com/exchange/sync.php?p=yieldmo&us_privacy=:0
[    3918ms] [ERROR] Failed to load resource: net::ERR_NAME_NOT_RESOLVED @ https://pixel-us-apac.rubiconproject.com/exchange/sync.php?p=yieldmo&us_privacy=:0
[    3918ms] [ERROR] Failed to load resource: net::ERR_NAME_NOT_RESOLVED @ https://pixel-us-apac.rubiconproject.com/exchange/sync.php?p=yieldmo&us_privacy=:0
[    3918ms] [ERROR] Failed to load resource: net::ERR_NAME_NOT_RESOLVED @ https://pixel-us-apac.rubiconproject.com/exchange/sync.php?p=yieldmo&us_privacy=:0
[    3918ms] [ERROR] Failed to load resource: net::ERR_NAME_NOT_RESOLVED @ https://pixel-us-apac.rubiconproject.com/exchange/sync.php?p=yieldmo&us_privacy=:0
[    3918ms] [ERROR] Failed to load resource: net::ERR_NAME_NOT_RESOLVED @ https://pixel-us-apac.rubiconproject.com/exchange/sync.php?p=yieldmo&us_privacy=:0
[    3918ms] [ERROR] Failed to load resource: net::ERR_NAME_NOT_RESOLVED @ https://pixel-us-apac.rubiconproject.com/exchange/sync.php?p=yieldmo&us_privacy=:0
[    3918ms] [ERROR] Failed to load resource: net::ERR_NAME_NOT_RESOLVED @ https://pixel-us-apac.rubiconproject.com/exchange/sync.php?p=yieldmo&us_privacy=:0
[    3918ms] [ERROR] Failed to load resource: net::ERR_NAME_NOT_RESOLVED @ https://pixel-us-apac.rubiconproject.com/exchange/sync.php?p=yieldmo&us_privacy=:0
[    3918ms] [ERROR] Failed to load resource: net::ERR_NAME_NOT_RESOLVED @ https://pixel-us-apac.rubiconproject.com/exchange/sync.php?p=yieldmo&us_privacy=:0
[    3918ms] [ERROR] Failed to load resource: net::ERR_NAME_NOT_RESOLVED @ https://pixel-us-apac.rubiconproject.com/exchange/sync.php?p=yieldmo&us_privacy=:0
[    3918ms] [ERROR] Failed to load resource: net::ERR_NAME_NOT_RESOLVED @ https://pixel-us-apac.rubiconproject.com/exchange/sync.php?p=yieldmo&us_privacy=:0
[    3918ms] [ERROR] Failed to load resource: net::ERR_NAME_NOT_RESOLVED @ https://pixel-us-apac.rubiconproject.com/exchange/sync.php?p=yieldmo&us_privacy=:0
[    3918ms] [ERROR] Failed to load resource: net::ERR_NAME_NOT_RESOLVED @ https://pixel-us-apac.rubiconproject.com/exchange/sync.php?p=yieldmo&us_privacy=:0
[    3918ms] [ERROR] Failed to load resource: net::ERR_NAME_NOT_RESOLVED @ https://pixel-us-apac.rubiconproject.com/exchange/sync.php?p=yieldmo&us_privacy=:0
[    3918ms] [ERROR] Failed to load resource: net::ERR_NAME_NOT_RESOLVED @ https://pixel-us-apac.rubiconproject.com/exchange/sync.php?p=yieldmo&us_privacy=:0
[    3918ms] [ERROR] Failed to load resource: net::ERR_NAME_NOT_RESOLVED @ https://pixel-us-apac.rubiconproject.com/exchange/sync.php?p=yieldmo&us_privacy=:0
[    3918ms] [ERROR] Failed to load resource: net::ERR_NAME_NOT_RESOLVED @ https://pixel-us-apac.rubiconproject.com/exchange/sync.php?p=yieldmo&us_privacy=:0
[    3918ms] [ERROR] Failed to load resource: net::ERR_NAME_NOT_RESOLVED @ https://pixel-us-apac.rubiconproject.com/exchange/sync.php?p=yieldmo&us_privacy=:0
[    3918ms] [ERROR] Failed to load resource: net::ERR_NAME_NOT_RESOLVED @ https://pixel-us-apac.rubiconproject.com/exchange/sync.php?p=yieldmo&us_privacy=:0
[    3918ms] [ERROR] Failed to load resource: net::ERR_NAME_NOT_RESOLVED @ https://pixel-us-apac.rubiconproject.com/exchange/sync.php?p=yieldmo&us_privacy=:0
[    3918ms] [ERROR] Failed to load resource: net::ERR_NAME_NOT_RESOLVED @ https://pixel-us-apac.rubiconproject.com/exchange/sync.php?p=yieldmo&us_privacy=:0
[    3918ms] [ERROR] Failed to load resource: net::ERR_NAME_NOT_RESOLVED @ https://pixel-us-apac.rubiconproject.com/exchange/sync.php?p=yieldmo&us_privacy=:0
[    3918ms] [ERROR] Failed to load resource: net::ERR_NAME_NOT_RESOLVED @ https://pixel-us-apac.rubiconproject.com/exchange/sync.php?p=yieldmo&us_privacy=:0
[    3918ms] [ERROR] Failed to load resource: net::ERR_NAME_NOT_RESOLVED @ https://pixel-us-apac.rubiconproject.com/exchange/sync.php?p=yieldmo&us_privacy=:0
[    3918ms] [ERROR] Failed to load resource: net::ERR_NAME_NOT_RESOLVED @ https://pixel-us-apac.rubiconproject.com/exchange/sync.php?p=yieldmo&us_privacy=:0
[    3918ms] [ERROR] Failed to load resource: net::ERR_NAME_NOT_RESOLVED @ https://pixel-us-apac.rubiconproject.com/exchange/sync.php?p=yieldmo&us_privacy=:0
[    3918ms] [ERROR] Failed to load resource: net::ERR_NAME_NOT_RESOLVED @ https://pixel-us-apac.rubiconproject.com/exchange/sync.php?p=yieldmo&us_privacy=:0
[    3918ms] [ERROR] Failed to load resource: net::ERR_NAME_NOT_RESOLVED @ https://pixel-us-apac.rubiconproject.com/exchange/sync.php?p=yieldmo&us_privacy=:0
[    3918ms] [ERROR] Failed to load resource: net::ERR_NAME_NOT_RESOLVED @ https://pixel-us-apac.rubiconproject.com/exchange/sync.php?p=yieldmo&us_privacy=:0
[    7093ms] [ERROR] Failed to load resource: the server responded with a status of 400 (Bad Request) @ https://cpm.vistarsagency.com/user-sync?zone=297502&t=image&r=https%3A%2F%2Fprebid.admatic.de%2Fsetuid%3Fbidder%3Dvistar%26gdpr%3D%26gdpr_consent%3D%26f%3Di%26uid%3D%7BUID%7D:0
[    7651ms] [ERROR] Failed to load resource: the server responded with a status of 400 (Bad Request) @ https://cpm.vistarsagency.com/user-sync?zone=297502&t=image&r=https%3A%2F%2Fprebid.admatic.de%2Fsetuid%3Fbidder%3Dvistar%26gdpr%3D%26gdpr_consent%3D%26f%3Di%26uid%3D%7BUID%7D:0
[    8885ms] [ERROR] Failed to load resource: the server responded with a status of 400 (Bad Request) @ https://cpm.vistarsagency.com/user-sync?zone=297502&t=image&r=https%3A%2F%2Fprebid.admatic.de%2Fsetuid%3Fbidder%3Dvistar%26gdpr%3D%26gdpr_consent%3D%26f%3Di%26uid%3D%7BUID%7D:0
[    9113ms] [ERROR] Failed to load resource: the server responded with a status of 400 (Bad Request) @ https://cpm.vistarsagency.com/user-sync?zone=297502&t=image&r=https%3A%2F%2Fprebid.admatic.de%2Fsetuid%3Fbidder%3Dvistar%26gdpr%3D%26gdpr_consent%3D%26f%3Di%26uid%3D%7BUID%7D:0
[   10552ms] [ERROR] Failed to load resource: the server responded with a status of 400 (Bad Request) @ https://cpm.vistarsagency.com/user-sync?zone=297502&t=image&r=https%3A%2F%2Fprebid.admatic.de%2Fsetuid%3Fbidder%3Dvistar%26gdpr%3D%26gdpr_consent%3D%26f%3Di%26uid%3D%7BUID%7D:0
[   11889ms] [ERROR] Failed to load resource: the server responded with a status of 400 (Bad Request) @ https://cpm.vistarsagency.com/user-sync?zone=297502&t=image&r=https%3A%2F%2Fprebid.admatic.de%2Fsetuid%3Fbidder%3Dvistar%26gdpr%3D%26gdpr_consent%3D%26f%3Di%26uid%3D%7BUID%7D:0
[    8031ms] [ERROR] Mixed Content: The page at 'https://jsonformatter.org/' was loaded over HTTPS, but requested an insecure frame 'http://sync.pmbmonetize.live/psync?t=s&e=247&gdpr=&gdpr_consent=&us_privacy=&gpp=&gpp_sid=&cb=https%3A%2F%2Fcookies.nextmillmedia.com%2Fsetuid%3Fbidder%3Dadipolo%26nmuid%3D%26gdpr%3D%26gdpr_consent%3D%26us_privacy%3D%26uid%3D%25USER_ID%25'. This request has been blocked; the content must be served over HTTPS. @ https://cookies.nextmillmedia.com/sync?redirect=https%3A%2F%2Fsync.adkernel.com%2Fuser-sync%3Fzone%3D308936%26dsp%3D830598%26t%3Diframe%26uid%3D%5BNMUID%5D:40
[    8889ms] [ERROR] Mixed Content: The page at 'https://jsonformatter.org/' was loaded over HTTPS, but requested an insecure frame 'http://sync.pmbmonetize.live/psync?t=s&e=247&gdpr=&gdpr_consent=&us_privacy=&gpp=&gpp_sid=&cb=https%3A%2F%2Fcookies.nextmillmedia.com%2Fsetuid%3Fbidder%3Dadipolo%26nmuid%3Db43fa958-ebf3-4227-89f9-c6759747a5fc%26gdpr%3D%26gdpr_consent%3D%26us_privacy%3D%26uid%3D%25USER_ID%25'. This request has been blocked; the content must be served over HTTPS. @ https://cookies.nextmillmedia.com/sync?redirect=https%3A%2F%2Fsync.adkernel.com%2Fuser-sync%3Fzone%3D308936%26dsp%3D830598%26t%3Diframe%26uid%3D%5BNMUID%5D:40
[    9884ms] [ERROR] Mixed Content: The page at 'https://jsonformatter.org/' was loaded over HTTPS, but requested an insecure frame 'http://sync.pmbmonetize.live/psync?t=s&e=247&gdpr=&gdpr_consent=&us_privacy=&gpp=&gpp_sid=&cb=https%3A%2F%2Fcookies.nextmillmedia.com%2Fsetuid%3Fbidder%3Dadipolo%26nmuid%3Db43fa958-ebf3-4227-89f9-c6759747a5fc%26gdpr%3D%26gdpr_consent%3D%26us_privacy%3D%26uid%3D%25USER_ID%25'. This request has been blocked; the content must be served over HTTPS. @ https://cookies.nextmillmedia.com/sync?gdpr=&gdpr_consent=&us_privacy=&redirect=https%3A%2F%2Fsync.cootlogix.com%2Fapi%2Fcookie%3FpartnerId%3Dnextmillmedia%26userId%3D%5BNMUID%5D%26gdpr%3D%26gdpr_consent%3D%26us_privacy%3D:40
[   34432ms] [ERROR] Mixed Content: The page at 'https://jsonformatter.org/' was loaded over HTTPS, but requested an insecure frame 'http://sync.pmbmonetize.live/psync?t=s&e=247&gdpr=&gdpr_consent=&us_privacy=&gpp=&gpp_sid=&cb=https%3A%2F%2Fcookies.nextmillmedia.com%2Fsetuid%3Fbidder%3Dadipolo%26nmuid%3Db43fa958-ebf3-4227-89f9-c6759747a5fc%26gdpr%3D%26gdpr_consent%3D%26us_privacy%3D%26uid%3D%25USER_ID%25'. This request has been blocked; the content must be served over HTTPS. @ https://cookies.nextmillmedia.com/sync?redirect=https%3A%2F%2Fsync.adkernel.com%2Fuser-sync%3Fzone%3D338420%26dsp%3D836447%26t%3Diframe%26uid%3D%5BNMUID%5D:40
[    9739ms] [ERROR] Failed to load resource: the server responded with a status of 502 () @ chrome-error://chromewebdata/:0
[    9742ms] [ERROR] Refused to display 'https://cs.ingage.tech/' in a frame because it set 'X-Frame-Options' to 'sameorigin'. @ chrome-error://chromewebdata/:0
[   10568ms] [ERROR] Failed to load resource: the server responded with a status of 502 () @ chrome-error://chromewebdata/:0
[   10569ms] [ERROR] Refused to display 'https://cs.ingage.tech/' in a frame because it set 'X-Frame-Options' to 'sameorigin'. @ chrome-error://chromewebdata/:0
[   11830ms] [ERROR] Failed to load resource: the server responded with a status of 502 () @ chrome-error://chromewebdata/:0
[   11833ms] [ERROR] Refused to display 'https://cs.ingage.tech/' in a frame because it set 'X-Frame-Options' to 'sameorigin'. @ chrome-error://chromewebdata/:0
[   13852ms] [ERROR] Failed to load resource: the server responded with a status of 502 () @ chrome-error://chromewebdata/:0
[   13855ms] [ERROR] Refused to display 'https://cs.ingage.tech/' in a frame because it set 'X-Frame-Options' to 'sameorigin'. @ chrome-error://chromewebdata/:0
[   14793ms] [ERROR] Failed to load resource: the server responded with a status of 502 () @ chrome-error://chromewebdata/:0
[   14798ms] [ERROR] Refused to display 'https://cs.ingage.tech/' in a frame because it set 'X-Frame-Options' to 'sameorigin'. @ chrome-error://chromewebdata/:0
[   20005ms] [ERROR] Failed to load resource: net::ERR_HTTP2_SERVER_REFUSED_STREAM @ https://cs.admanmedia.com/45f6616f8301569fb3628edffa5edae8.gif?gdpr=0&gdpr_consent=&ccpa=&coppa=&gpp=&gpp_sid=&redir=https%3A%2F%2Fssp.disqus.com%2Fmatch%3Fbidder%3D47%26r%3DCid1YS01N2MzY2IwOS03MjFkLTNhYjUtODcxYi1lNWQyMDc3NGE1ZjEqtgFodHRwczovL2Nvb2tpZXMubmV4dG1pbGxtZWRpYS5jb20vc2V0dWlkP2JpZGRlcj16ZXRhX2dsb2JhbF9zc3Ambm11aWQ9YjQzZmE5NTgtZWJmMy00MjI3LTg5ZjktYzY3NTk3NDdhNWZjJmdkcHI9JmdkcHJfY29uc2VudD0mdXNfcHJpdmFjeT0mdWlkPXVhLTU3YzNjYjA5LTcyMWQtM2FiNS04NzFiLWU1ZDIwNzc0YTVmMTICBi84Ag==%26buyeruid%3D%5BUID%5D:0
[   13179ms] [ERROR] Failed to load resource: net::ERR_HTTP2_SERVER_REFUSED_STREAM @ https://cs.admanmedia.com/e805be652c9053b8f771665f0ac3c361.gif?puid=k-tLtU25gUj5ABeO-SuDgC-NzGmGw0bwILettpDw&redir=https%3a%2f%2fssp-sync.criteo.com%2fuser-sync%2fmatch%3fp%3dJmC9R184dFh4aHJ1aWNJWnJ4Nk9yczMlMkZFU05raTJpcWs5N2JxcGdydWc3WWVxVVElM0Q%26u%3d%5bUID%5d&gdpr=&gdpr_consent=&ccpa=:0
[   15514ms] [ERROR] Failed to load resource: net::ERR_HTTP2_SERVER_REFUSED_STREAM @ https://cs.admanmedia.com/e805be652c9053b8f771665f0ac3c361.gif?puid=k-tLtU25gUj5ABeO-SuDgC-NzGmGw0bwILettpDw&redir=https%3a%2f%2fssp-sync.criteo.com%2fuser-sync%2fmatch%3fp%3dQ6vU4F9CJTJGRTRwM3N0c0RyNVluMTNBOXRDdTVtWnlQNkdVOHR4ViUyQmtBVmZ2TTJnVSUzRA%26u%3d%5bUID%5d&gdpr=&gdpr_consent=&ccpa=:0
[   34560ms] [ERROR] Failed to load resource: the server responded with a status of 400 (Bad Request) @ https://cpm.vistarsagency.com/user-sync?zone=297502&t=image&r=https%3A%2F%2Fprebid.admatic.de%2Fsetuid%3Fbidder%3Dvistar%26gdpr%3D%26gdpr_consent%3D%26f%3Di%26uid%3D%7BUID%7D:0
[    3918ms] [ERROR] Failed to load resource: net::ERR_NAME_NOT_RESOLVED @ https://pixel-us-apac.rubiconproject.com/exchange/sync.php?p=yieldmo&us_privacy=:0
[    8031ms] [ERROR] Mixed Content: The page at 'https://jsonformatter.org/' was loaded over HTTPS, but requested an insecure frame 'http://sync.pmbmonetize.live/psync?t=s&e=247&gdpr=&gdpr_consent=&us_privacy=&gpp=&gpp_sid=&cb=https%3A%2F%2Fcookies.nextmillmedia.com%2Fsetuid%3Fbidder%3Dadipolo%26nmuid%3D%26gdpr%3D%26gdpr_consent%3D%26us_privacy%3D%26uid%3D%25USER_ID%25'. This request has been blocked; the content must be served over HTTPS. @ https://cookies.nextmillmedia.com/sync?redirect=https%3A%2F%2Fsync.adkernel.com%2Fuser-sync%3Fzone%3D308936%26dsp%3D830598%26t%3Diframe%26uid%3D%5BNMUID%5D:40
[    8889ms] [ERROR] Mixed Content: The page at 'https://jsonformatter.org/' was loaded over HTTPS, but requested an insecure frame 'http://sync.pmbmonetize.live/psync?t=s&e=247&gdpr=&gdpr_consent=&us_privacy=&gpp=&gpp_sid=&cb=https%3A%2F%2Fcookies.nextmillmedia.com%2Fsetuid%3Fbidder%3Dadipolo%26nmuid%3Db43fa958-ebf3-4227-89f9-c6759747a5fc%26gdpr%3D%26gdpr_consent%3D%26us_privacy%3D%26uid%3D%25USER_ID%25'. This request has been blocked; the content must be served over HTTPS. @ https://cookies.nextmillmedia.com/sync?redirect=https%3A%2F%2Fsync.adkernel.com%2Fuser-sync%3Fzone%3D308936%26dsp%3D830598%26t%3Diframe%26uid%3D%5BNMUID%5D:40
[    9884ms] [ERROR] Mixed Content: The page at 'https://jsonformatter.org/' was loaded over HTTPS, but requested an insecure frame 'http://sync.pmbmonetize.live/psync?t=s&e=247&gdpr=&gdpr_consent=&us_privacy=&gpp=&gpp_sid=&cb=https%3A%2F%2Fcookies.nextmillmedia.com%2Fsetuid%3Fbidder%3Dadipolo%26nmuid%3Db43fa958-ebf3-4227-89f9-c6759747a5fc%26gdpr%3D%26gdpr_consent%3D%26us_privacy%3D%26uid%3D%25USER_ID%25'. This request has been blocked; the content must be served over HTTPS. @ https://cookies.nextmillmedia.com/sync?gdpr=&gdpr_consent=&us_privacy=&redirect=https%3A%2F%2Fsync.cootlogix.com%2Fapi%2Fcookie%3FpartnerId%3Dnextmillmedia%26userId%3D%5BNMUID%5D%26gdpr%3D%26gdpr_consent%3D%26us_privacy%3D:40
[   34432ms] [ERROR] Mixed Content: The page at 'https://jsonformatter.org/' was loaded over HTTPS, but requested an insecure frame 'http://sync.pmbmonetize.live/psync?t=s&e=247&gdpr=&gdpr_consent=&us_privacy=&gpp=&gpp_sid=&cb=https%3A%2F%2Fcookies.nextmillmedia.com%2Fsetuid%3Fbidder%3Dadipolo%26nmuid%3Db43fa958-ebf3-4227-89f9-c6759747a5fc%26gdpr%3D%26gdpr_consent%3D%26us_privacy%3D%26uid%3D%25USER_ID%25'. This request has been blocked; the content must be served over HTTPS. @ https://cookies.nextmillmedia.com/sync?redirect=https%3A%2F%2Fsync.adkernel.com%2Fuser-sync%3Fzone%3D338420%26dsp%3D836447%26t%3Diframe%26uid%3D%5BNMUID%5D:40
[    3918ms] [ERROR] Failed to load resource: net::ERR_NAME_NOT_RESOLVED @ https://pixel-us-apac.rubiconproject.com/exchange/sync.php?p=yieldmo&us_privacy=:0
[   20005ms] [ERROR] Failed to load resource: net::ERR_HTTP2_SERVER_REFUSED_STREAM @ https://cs.admanmedia.com/45f6616f8301569fb3628edffa5edae8.gif?gdpr=0&gdpr_consent=&ccpa=&coppa=&gpp=&gpp_sid=&redir=https%3A%2F%2Fssp.disqus.com%2Fmatch%3Fbidder%3D47%26r%3DCid1YS01N2MzY2IwOS03MjFkLTNhYjUtODcxYi1lNWQyMDc3NGE1ZjEqtgFodHRwczovL2Nvb2tpZXMubmV4dG1pbGxtZWRpYS5jb20vc2V0dWlkP2JpZGRlcj16ZXRhX2dsb2JhbF9zc3Ambm11aWQ9YjQzZmE5NTgtZWJmMy00MjI3LTg5ZjktYzY3NTk3NDdhNWZjJmdkcHI9JmdkcHJfY29uc2VudD0mdXNfcHJpdmFjeT0mdWlkPXVhLTU3YzNjYjA5LTcyMWQtM2FiNS04NzFiLWU1ZDIwNzc0YTVmMTICBi84Ag==%26buyeruid%3D%5BUID%5D:0
[    7093ms] [ERROR] Failed to load resource: the server responded with a status of 400 (Bad Request) @ https://cpm.vistarsagency.com/user-sync?zone=297502&t=image&r=https%3A%2F%2Fprebid.admatic.de%2Fsetuid%3Fbidder%3Dvistar%26gdpr%3D%26gdpr_consent%3D%26f%3Di%26uid%3D%7BUID%7D:0
[    7651ms] [ERROR] Failed to load resource: the server responded with a status of 400 (Bad Request) @ https://cpm.vistarsagency.com/user-sync?zone=297502&t=image&r=https%3A%2F%2Fprebid.admatic.de%2Fsetuid%3Fbidder%3Dvistar%26gdpr%3D%26gdpr_consent%3D%26f%3Di%26uid%3D%7BUID%7D:0
[    8885ms] [ERROR] Failed to load resource: the server responded with a status of 400 (Bad Request) @ https://cpm.vistarsagency.com/user-sync?zone=297502&t=image&r=https%3A%2F%2Fprebid.admatic.de%2Fsetuid%3Fbidder%3Dvistar%26gdpr%3D%26gdpr_consent%3D%26f%3Di%26uid%3D%7BUID%7D:0
[    9113ms] [ERROR] Failed to load resource: the server responded with a status of 400 (Bad Request) @ https://cpm.vistarsagency.com/user-sync?zone=297502&t=image&r=https%3A%2F%2Fprebid.admatic.de%2Fsetuid%3Fbidder%3Dvistar%26gdpr%3D%26gdpr_consent%3D%26f%3Di%26uid%3D%7BUID%7D:0
[   10552ms] [ERROR] Failed to load resource: the server responded with a status of 400 (Bad Request) @ https://cpm.vistarsagency.com/user-sync?zone=297502&t=image&r=https%3A%2F%2Fprebid.admatic.de%2Fsetuid%3Fbidder%3Dvistar%26gdpr%3D%26gdpr_consent%3D%26f%3Di%26uid%3D%7BUID%7D:0
[   11889ms] [ERROR] Failed to load resource: the server responded with a status of 400 (Bad Request) @ https://cpm.vistarsagency.com/user-sync?zone=297502&t=image&r=https%3A%2F%2Fprebid.admatic.de%2Fsetuid%3Fbidder%3Dvistar%26gdpr%3D%26gdpr_consent%3D%26f%3Di%26uid%3D%7BUID%7D:0
[   34560ms] [ERROR] Failed to load resource: the server responded with a status of 400 (Bad Request) @ https://cpm.vistarsagency.com/user-sync?zone=297502&t=image&r=https%3A%2F%2Fprebid.admatic.de%2Fsetuid%3Fbidder%3Dvistar%26gdpr%3D%26gdpr_consent%3D%26f%3Di%26uid%3D%7BUID%7D:0
[   20005ms] [ERROR] Failed to load resource: net::ERR_HTTP2_SERVER_REFUSED_STREAM @ https://cs.admanmedia.com/45f6616f8301569fb3628edffa5edae8.gif?gdpr=0&gdpr_consent=&ccpa=&coppa=&gpp=&gpp_sid=&redir=https%3A%2F%2Fssp.disqus.com%2Fmatch%3Fbidder%3D47%26r%3DCid1YS01N2MzY2IwOS03MjFkLTNhYjUtODcxYi1lNWQyMDc3NGE1ZjEqtgFodHRwczovL2Nvb2tpZXMubmV4dG1pbGxtZWRpYS5jb20vc2V0dWlkP2JpZGRlcj16ZXRhX2dsb2JhbF9zc3Ambm11aWQ9YjQzZmE5NTgtZWJmMy00MjI3LTg5ZjktYzY3NTk3NDdhNWZjJmdkcHI9JmdkcHJfY29uc2VudD0mdXNfcHJpdmFjeT0mdWlkPXVhLTU3YzNjYjA5LTcyMWQtM2FiNS04NzFiLWU1ZDIwNzc0YTVmMTICBi84Ag==%26buyeruid%3D%5BUID%5D:0
[   13179ms] [ERROR] Failed to load resource: net::ERR_HTTP2_SERVER_REFUSED_STREAM @ https://cs.admanmedia.com/e805be652c9053b8f771665f0ac3c361.gif?puid=k-tLtU25gUj5ABeO-SuDgC-NzGmGw0bwILettpDw&redir=https%3a%2f%2fssp-sync.criteo.com%2fuser-sync%2fmatch%3fp%3dJmC9R184dFh4aHJ1aWNJWnJ4Nk9yczMlMkZFU05raTJpcWs5N2JxcGdydWc3WWVxVVElM0Q%26u%3d%5bUID%5d&gdpr=&gdpr_consent=&ccpa=:0
[   15514ms] [ERROR] Failed to load resource: net::ERR_HTTP2_SERVER_REFUSED_STREAM @ https://cs.admanmedia.com/e805be652c9053b8f771665f0ac3c361.gif?puid=k-tLtU25gUj5ABeO-SuDgC-NzGmGw0bwILettpDw&redir=https%3a%2f%2fssp-sync.criteo.com%2fuser-sync%2fmatch%3fp%3dQ6vU4F9CJTJGRTRwM3N0c0RyNVluMTNBOXRDdTVtWnlQNkdVOHR4ViUyQmtBVmZ2TTJnVSUzRA%26u%3d%5bUID%5d&gdpr=&gdpr_consent=&ccpa=:0
[    3918ms] [ERROR] Failed to load resource: net::ERR_NAME_NOT_RESOLVED @ https://pixel-us-apac.rubiconproject.com/exchange/sync.php?p=yieldmo&us_privacy=:0
[   35043ms] [ERROR] Failed to load resource: the server responded with a status of 400 (Bad Request) @ https://cpm.vistarsagency.com/user-sync?zone=297502&t=image&r=https%3A%2F%2Fprebid.admatic.de%2Fsetuid%3Fbidder%3Dvistar%26gdpr%3D%26gdpr_consent%3D%26f%3Di%26uid%3D%7BUID%7D:0
[   35101ms] [ERROR] Failed to load resource: the server responded with a status of 404 (Not Found) @ https://us4.shb-sync.com/a760a5a7-e35e-49b8-9f5e-723455346741.gif?puid=5532b921-6f75-96ab-fa79-0ddaaafa9dec&gdpr=&gdpr_consent=ccpa=:0
[    3918ms] [ERROR] Failed to load resource: net::ERR_NAME_NOT_RESOLVED @ https://pixel-us-apac.rubiconproject.com/exchange/sync.php?p=yieldmo&us_privacy=:0
[    3918ms] [ERROR] Failed to load resource: net::ERR_NAME_NOT_RESOLVED @ https://pixel-us-apac.rubiconproject.com/exchange/sync.php?p=yieldmo&us_privacy=:0
[    3918ms] [ERROR] Failed to load resource: net::ERR_NAME_NOT_RESOLVED @ https://pixel-us-apac.rubiconproject.com/exchange/sync.php?p=yieldmo&us_privacy=:0
[    3918ms] [ERROR] Failed to load resource: net::ERR_NAME_NOT_RESOLVED @ https://pixel-us-apac.rubiconproject.com/exchange/sync.php?p=yieldmo&us_privacy=:0
[    3918ms] [ERROR] Failed to load resource: net::ERR_NAME_NOT_RESOLVED @ https://pixel-us-apac.rubiconproject.com/exchange/sync.php?p=yieldmo&us_privacy=:0
[    3918ms] [ERROR] Failed to load resource: net::ERR_NAME_NOT_RESOLVED @ https://pixel-us-apac.rubiconproject.com/exchange/sync.php?p=yieldmo&us_privacy=:0
[    3918ms] [ERROR] Failed to load resource: net::ERR_NAME_NOT_RESOLVED @ https://pixel-us-apac.rubiconproject.com/exchange/sync.php?p=yieldmo&us_privacy=:0
[    3918ms] [ERROR] Failed to load resource: net::ERR_NAME_NOT_RESOLVED @ https://pixel-us-apac.rubiconproject.com/exchange/sync.php?p=yieldmo&us_privacy=:0
[    3918ms] [ERROR] Failed to load resource: net::ERR_NAME_NOT_RESOLVED @ https://pixel-us-apac.rubiconproject.com/exchange/sync.php?p=yieldmo&us_privacy=:0
[    3918ms] [ERROR] Failed to load resource: net::ERR_NAME_NOT_RESOLVED @ https://pixel-us-apac.rubiconproject.com/exchange/sync.php?p=yieldmo&us_privacy=:0
[    3918ms] [ERROR] Failed to load resource: net::ERR_NAME_NOT_RESOLVED @ https://pixel-us-apac.rubiconproject.com/exchange/sync.php?p=yieldmo&us_privacy=:0
[    3918ms] [ERROR] Failed to load resource: net::ERR_NAME_NOT_RESOLVED @ https://pixel-us-apac.rubiconproject.com/exchange/sync.php?p=yieldmo&us_privacy=:0
[    3918ms] [ERROR] Failed to load resource: net::ERR_NAME_NOT_RESOLVED @ https://pixel-us-apac.rubiconproject.com/exchange/sync.php?p=yieldmo&us_privacy=:0
[    3918ms] [ERROR] Failed to load resource: net::ERR_NAME_NOT_RESOLVED @ https://pixel-us-apac.rubiconproject.com/exchange/sync.php?p=yieldmo&us_privacy=:0
[    3918ms] [ERROR] Failed to load resource: net::ERR_NAME_NOT_RESOLVED @ https://pixel-us-apac.rubiconproject.com/exchange/sync.php?p=yieldmo&us_privacy=:0
[    3918ms] [ERROR] Failed to load resource: net::ERR_NAME_NOT_RESOLVED @ https://pixel-us-apac.rubiconproject.com/exchange/sync.php?p=yieldmo&us_privacy=:0
[    3918ms] [ERROR] Failed to load resource: net::ERR_NAME_NOT_RESOLVED @ https://pixel-us-apac.rubiconproject.com/exchange/sync.php?p=yieldmo&us_privacy=:0
[    3918ms] [ERROR] Failed to load resource: net::ERR_NAME_NOT_RESOLVED @ https://pixel-us-apac.rubiconproject.com/exchange/sync.php?p=yieldmo&us_privacy=:0
[    3918ms] [ERROR] Failed to load resource: net::ERR_NAME_NOT_RESOLVED @ https://pixel-us-apac.rubiconproject.com/exchange/sync.php?p=yieldmo&us_privacy=:0
[    3918ms] [ERROR] Failed to load resource: net::ERR_NAME_NOT_RESOLVED @ https://pixel-us-apac.rubiconproject.com/exchange/sync.php?p=yieldmo&us_privacy=:0
[    3918ms] [ERROR] Failed to load resource: net::ERR_NAME_NOT_RESOLVED @ https://pixel-us-apac.rubiconproject.com/exchange/sync.php?p=yieldmo&us_privacy=:0
[    3918ms] [ERROR] Failed to load resource: net::ERR_NAME_NOT_RESOLVED @ https://pixel-us-apac.rubiconproject.com/exchange/sync.php?p=yieldmo&us_privacy=:0
[    3918ms] [ERROR] Failed to load resource: net::ERR_NAME_NOT_RESOLVED @ https://pixel-us-apac.rubiconproject.com/exchange/sync.php?p=yieldmo&us_privacy=:0
[    3918ms] [ERROR] Failed to load resource: net::ERR_NAME_NOT_RESOLVED @ https://pixel-us-apac.rubiconproject.com/exchange/sync.php?p=yieldmo&us_privacy=:0
[    3918ms] [ERROR] Failed to load resource: net::ERR_NAME_NOT_RESOLVED @ https://pixel-us-apac.rubiconproject.com/exchange/sync.php?p=yieldmo&us_privacy=:0
[    3918ms] [ERROR] Failed to load resource: net::ERR_NAME_NOT_RESOLVED @ https://pixel-us-apac.rubiconproject.com/exchange/sync.php?p=yieldmo&us_privacy=:0
[    3918ms] [ERROR] Failed to load resource: net::ERR_NAME_NOT_RESOLVED @ https://pixel-us-apac.rubiconproject.com/exchange/sync.php?p=yieldmo&us_privacy=:0
[    3918ms] [ERROR] Failed to load resource: net::ERR_NAME_NOT_RESOLVED @ https://pixel-us-apac.rubiconproject.com/exchange/sync.php?p=yieldmo&us_privacy=:0
[    3918ms] [ERROR] Failed to load resource: net::ERR_NAME_NOT_RESOLVED @ https://pixel-us-apac.rubiconproject.com/exchange/sync.php?p=yieldmo&us_privacy=:0
[    3918ms] [ERROR] Failed to load resource: net::ERR_NAME_NOT_RESOLVED @ https://pixel-us-apac.rubiconproject.com/exchange/sync.php?p=yieldmo&us_privacy=:0
[    3918ms] [ERROR] Failed to load resource: net::ERR_NAME_NOT_RESOLVED @ https://pixel-us-apac.rubiconproject.com/exchange/sync.php?p=yieldmo&us_privacy=:0
[    3918ms] [ERROR] Failed to load resource: net::ERR_NAME_NOT_RESOLVED @ https://pixel-us-apac.rubiconproject.com/exchange/sync.php?p=yieldmo&us_privacy=:0
[    3918ms] [ERROR] Failed to load resource: net::ERR_NAME_NOT_RESOLVED @ https://pixel-us-apac.rubiconproject.com/exchange/sync.php?p=yieldmo&us_privacy=:0
[    3918ms] [ERROR] Failed to load resource: net::ERR_NAME_NOT_RESOLVED @ https://pixel-us-apac.rubiconproject.com/exchange/sync.php?p=yieldmo&us_privacy=:0
[    3918ms] [ERROR] Failed to load resource: net::ERR_NAME_NOT_RESOLVED @ https://pixel-us-apac.rubiconproject.com/exchange/sync.php?p=yieldmo&us_privacy=:0
[    3918ms] [ERROR] Failed to load resource: net::ERR_NAME_NOT_RESOLVED @ https://pixel-us-apac.rubiconproject.com/exchange/sync.php?p=yieldmo&us_privacy=:0
[    3918ms] [ERROR] Failed to load resource: net::ERR_NAME_NOT_RESOLVED @ https://pixel-us-apac.rubiconproject.com/exchange/sync.php?p=yieldmo&us_privacy=:0
[    3918ms] [ERROR] Failed to load resource: net::ERR_NAME_NOT_RESOLVED @ https://pixel-us-apac.rubiconproject.com/exchange/sync.php?p=yieldmo&us_privacy=:0
[    3918ms] [ERROR] Failed to load resource: net::ERR_NAME_NOT_RESOLVED @ https://pixel-us-apac.rubiconproject.com/exchange/sync.php?p=yieldmo&us_privacy=:0
[    3918ms] [ERROR] Failed to load resource: net::ERR_NAME_NOT_RESOLVED @ https://pixel-us-apac.rubiconproject.com/exchange/sync.php?p=yieldmo&us_privacy=:0
[    3918ms] [ERROR] Failed to load resource: net::ERR_NAME_NOT_RESOLVED @ https://pixel-us-apac.rubiconproject.com/exchange/sync.php?p=yieldmo&us_privacy=:0
[    3918ms] [ERROR] Failed to load resource: net::ERR_NAME_NOT_RESOLVED @ https://pixel-us-apac.rubiconproject.com/exchange/sync.php?p=yieldmo&us_privacy=:0
[    3918ms] [ERROR] Failed to load resource: net::ERR_NAME_NOT_RESOLVED @ https://pixel-us-apac.rubiconproject.com/exchange/sync.php?p=yieldmo&us_privacy=:0
[    3918ms] [ERROR] Failed to load resource: net::ERR_NAME_NOT_RESOLVED @ https://pixel-us-apac.rubiconproject.com/exchange/sync.php?p=yieldmo&us_privacy=:0
[    3918ms] [ERROR] Failed to load resource: net::ERR_NAME_NOT_RESOLVED @ https://pixel-us-apac.rubiconproject.com/exchange/sync.php?p=yieldmo&us_privacy=:0
[    3918ms] [ERROR] Failed to load resource: net::ERR_NAME_NOT_RESOLVED @ https://pixel-us-apac.rubiconproject.com/exchange/sync.php?p=yieldmo&us_privacy=:0
[    3918ms] [ERROR] Failed to load resource: net::ERR_NAME_NOT_RESOLVED @ https://pixel-us-apac.rubiconproject.com/exchange/sync.php?p=yieldmo&us_privacy=:0
[    3918ms] [ERROR] Failed to load resource: net::ERR_NAME_NOT_RESOLVED @ https://pixel-us-apac.rubiconproject.com/exchange/sync.php?p=yieldmo&us_privacy=:0
[    3918ms] [ERROR] Failed to load resource: net::ERR_NAME_NOT_RESOLVED @ https://pixel-us-apac.rubiconproject.com/exchange/sync.php?p=yieldmo&us_privacy=:0
[    3918ms] [ERROR] Failed to load resource: net::ERR_NAME_NOT_RESOLVED @ https://pixel-us-apac.rubiconproject.com/exchange/sync.php?p=yieldmo&us_privacy=:0
[    3918ms] [ERROR] Failed to load resource: net::ERR_NAME_NOT_RESOLVED @ https://pixel-us-apac.rubiconproject.com/exchange/sync.php?p=yieldmo&us_privacy=:0
[    3918ms] [ERROR] Failed to load resource: net::ERR_NAME_NOT_RESOLVED @ https://pixel-us-apac.rubiconproject.com/exchange/sync.php?p=yieldmo&us_privacy=:0
[    3918ms] [ERROR] Failed to load resource: net::ERR_NAME_NOT_RESOLVED @ https://pixel-us-apac.rubiconproject.com/exchange/sync.php?p=yieldmo&us_privacy=:0
[    3918ms] [ERROR] Failed to load resource: net::ERR_NAME_NOT_RESOLVED @ https://pixel-us-apac.rubiconproject.com/exchange/sync.php?p=yieldmo&us_privacy=:0
[    3918ms] [ERROR] Failed to load resource: net::ERR_NAME_NOT_RESOLVED @ https://pixel-us-apac.rubiconproject.com/exchange/sync.php?p=yieldmo&us_privacy=:0
[    3918ms] [ERROR] Failed to load resource: net::ERR_NAME_NOT_RESOLVED @ https://pixel-us-apac.rubiconproject.com/exchange/sync.php?p=yieldmo&us_privacy=:0
[    3918ms] [ERROR] Failed to load resource: net::ERR_NAME_NOT_RESOLVED @ https://pixel-us-apac.rubiconproject.com/exchange/sync.php?p=yieldmo&us_privacy=:0
[    3918ms] [ERROR] Failed to load resource: net::ERR_NAME_NOT_RESOLVED @ https://pixel-us-apac.rubiconproject.com/exchange/sync.php?p=yieldmo&us_privacy=:0
[    3918ms] [ERROR] Failed to load resource: net::ERR_NAME_NOT_RESOLVED @ https://pixel-us-apac.rubiconproject.com/exchange/sync.php?p=yieldmo&us_privacy=:0
[    3918ms] [ERROR] Failed to load resource: net::ERR_NAME_NOT_RESOLVED @ https://pixel-us-apac.rubiconproject.com/exchange/sync.php?p=yieldmo&us_privacy=:0
[    3918ms] [ERROR] Failed to load resource: net::ERR_NAME_NOT_RESOLVED @ https://pixel-us-apac.rubiconproject.com/exchange/sync.php?p=yieldmo&us_privacy=:0
[    3918ms] [ERROR] Failed to load resource: net::ERR_NAME_NOT_RESOLVED @ https://pixel-us-apac.rubiconproject.com/exchange/sync.php?p=yieldmo&us_privacy=:0
[    3918ms] [ERROR] Failed to load resource: net::ERR_NAME_NOT_RESOLVED @ https://pixel-us-apac.rubiconproject.com/exchange/sync.php?p=yieldmo&us_privacy=:0
[    3918ms] [ERROR] Failed to load resource: net::ERR_NAME_NOT_RESOLVED @ https://pixel-us-apac.rubiconproject.com/exchange/sync.php?p=yieldmo&us_privacy=:0
[    3918ms] [ERROR] Failed to load resource: net::ERR_NAME_NOT_RESOLVED @ https://pixel-us-apac.rubiconproject.com/exchange/sync.php?p=yieldmo&us_privacy=:0
[    3918ms] [ERROR] Failed to load resource: net::ERR_NAME_NOT_RESOLVED @ https://pixel-us-apac.rubiconproject.com/exchange/sync.php?p=yieldmo&us_privacy=:0
[    3918ms] [ERROR] Failed to load resource: net::ERR_NAME_NOT_RESOLVED @ https://pixel-us-apac.rubiconproject.com/exchange/sync.php?p=yieldmo&us_privacy=:0
[    3918ms] [ERROR] Failed to load resource: net::ERR_NAME_NOT_RESOLVED @ https://pixel-us-apac.rubiconproject.com/exchange/sync.php?p=yieldmo&us_privacy=:0
[    3918ms] [ERROR] Failed to load resource: net::ERR_NAME_NOT_RESOLVED @ https://pixel-us-apac.rubiconproject.com/exchange/sync.php?p=yieldmo&us_privacy=:0
[    3918ms] [ERROR] Failed to load resource: net::ERR_NAME_NOT_RESOLVED @ https://pixel-us-apac.rubiconproject.com/exchange/sync.php?p=yieldmo&us_privacy=:0
[    3918ms] [ERROR] Failed to load resource: net::ERR_NAME_NOT_RESOLVED @ https://pixel-us-apac.rubiconproject.com/exchange/sync.php?p=yieldmo&us_privacy=:0
