[    5080ms] [ERROR] A tree hydrated but some attributes of the server rendered HTML didn't match the client properties. This won't be patched up. This can happen if a SSR-ed Client Component used:

- A server/client branch `if (typeof window !== 'undefined')`.
- Variable input such as `Date.now()` or `Math.random()` which changes each time it's called.
- Date formatting in a user's locale which doesn't match the server.
- External changing data without sending a snapshot of it along with the HTML.
- Invalid HTML tag nesting.

It can also happen if the client has a browser extension installed which messes with the HTML before React loaded.

%s%s https://react.dev/link/hydration-mismatch 

  ...
    <ErrorBoundary errorComponent={undefined} errorStyles={undefined} errorScripts={undefined}>
      <LoadingBoundary name="login/" loading={null}>
        <HTTPAccessFallbackBoundary notFound={undefined} forbidden={undefined} unauthorized={undefined}>
          <RedirectBoundary>
            <RedirectErrorBoundary router={{...}}>
              <InnerLayoutRouter url="/login" tree={[...]} params={{}} cacheNode={{rsc:<Fragment>, ...}} ...>
                <SegmentViewNode type="page" pagePath="/apps/web/...">
                  <SegmentTrieNode>
                  <ClientPageRoot Component={function LoginPage} serverProvidedParams={{...}}>
                    <LoginPage params={Promise} searchParams={Promise}>
                      <Suspense fallback={null}>
                        <LoginPageContent>
                          <PageTransition className="relative f...">
                            <div
                              className="relative flex min-h-screen login-gradient"
-                             style={{opacity:"0",transform:"translateY..."}}
                            >
                ...
              ...
 @ http://localhost:3000/_next/static/chunks/a191e_next_dist_0da38164._.js:3127
[    6932ms] [WARNING] Detected `scroll-behavior: smooth` on the `<html>` element. To disable smooth scrolling during route transitions, add `data-scroll-behavior="smooth"` to your <html> element. Learn more: https://nextjs.org/docs/messages/missing-data-scroll-behavior @ http://localhost:3000/_next/static/chunks/a191e_next_dist_0da38164._.js:2297
