[      77ms] [ERROR] Failed to load resource: the server responded with a status of 404 (Not Found) @ http://localhost:3000/:0
[     307ms] [ERROR] Failed to load resource: the server responded with a status of 404 (Not Found) @ http://localhost:3000/favicon.ico?favicon.0x3dzn~oxb6tn.ico:0
[   59237ms] [ERROR] Failed to load resource: net::ERR_INCOMPLETE_CHUNKED_ENCODING @ http://localhost:3000/trpc/presence.subscribe:0
[   60242ms] [ERROR] WebSocket connection to 'ws://localhost:3000/_next/webpack-hmr?id=u_2BFTit-A00LRdVylqaB' failed: Error in connection establishment: net::ERR_CONNECTION_REFUSED @ http://localhost:3000/_next/static/chunks/05sp_next_dist_client_0qd03un._.js:13299
[   60384ms] [ERROR] Failed to load resource: net::ERR_CONNECTION_REFUSED @ http://localhost:3000/trpc/presence.heartbeat:0
[   60453ms] [ERROR] Failed to load resource: net::ERR_CONNECTION_REFUSED @ http://localhost:3000/trpc/clusters.list:0
[   60467ms] [ERROR] Failed to load resource: net::ERR_CONNECTION_REFUSED @ http://localhost:3000/trpc/events.list?input=%7B%22limit%22%3A50%7D:0
[   60484ms] [ERROR] Failed to load resource: net::ERR_CONNECTION_REFUSED @ http://localhost:3000/trpc/alerts.unacknowledgedCount:0
[   61246ms] [ERROR] WebSocket connection to 'ws://localhost:3000/_next/webpack-hmr?id=u_2BFTit-A00LRdVylqaB' failed: Error in connection establishment: net::ERR_CONNECTION_REFUSED @ http://localhost:3000/_next/static/chunks/05sp_next_dist_client_0qd03un._.js:13299
[   61456ms] [ERROR] Failed to load resource: net::ERR_CONNECTION_REFUSED @ http://localhost:3000/trpc/clusters.list:0
[   61469ms] [ERROR] Failed to load resource: net::ERR_CONNECTION_REFUSED @ http://localhost:3000/trpc/events.list?input=%7B%22limit%22%3A50%7D:0
[   61487ms] [ERROR] Failed to load resource: net::ERR_CONNECTION_REFUSED @ http://localhost:3000/trpc/alerts.unacknowledgedCount:0
[   62239ms] [ERROR] Failed to load resource: net::ERR_CONNECTION_REFUSED @ http://localhost:3000/trpc/presence.subscribe:0
[   62247ms] [ERROR] WebSocket connection to 'ws://localhost:3000/_next/webpack-hmr?id=u_2BFTit-A00LRdVylqaB' failed: Error in connection establishment: net::ERR_CONNECTION_REFUSED @ http://localhost:3000/_next/static/chunks/05sp_next_dist_client_0qd03un._.js:13299
[   63250ms] [ERROR] WebSocket connection to 'ws://localhost:3000/_next/webpack-hmr?id=u_2BFTit-A00LRdVylqaB' failed: Error in connection establishment: net::ERR_CONNECTION_REFUSED @ http://localhost:3000/_next/static/chunks/05sp_next_dist_client_0qd03un._.js:13299
[   63458ms] [ERROR] Failed to load resource: net::ERR_CONNECTION_REFUSED @ http://localhost:3000/trpc/clusters.list:0
[   63472ms] [ERROR] Failed to load resource: net::ERR_CONNECTION_REFUSED @ http://localhost:3000/trpc/events.list?input=%7B%22limit%22%3A50%7D:0
[   63489ms] [ERROR] Failed to load resource: net::ERR_CONNECTION_REFUSED @ http://localhost:3000/trpc/alerts.unacknowledgedCount:0
[   64252ms] [ERROR] WebSocket connection to 'ws://localhost:3000/_next/webpack-hmr?id=u_2BFTit-A00LRdVylqaB' failed: Error in connection establishment: net::ERR_CONNECTION_REFUSED @ http://localhost:3000/_next/static/chunks/05sp_next_dist_client_0qd03un._.js:13299
[   65240ms] [ERROR] Failed to load resource: net::ERR_CONNECTION_REFUSED @ http://localhost:3000/trpc/presence.subscribe:0
[   67466ms] [ERROR] Failed to load resource: net::ERR_CONNECTION_REFUSED @ http://localhost:3000/trpc/metrics.currentStats:0
[   67474ms] [ERROR] Failed to load resource: net::ERR_CONNECTION_REFUSED @ http://localhost:3000/trpc/events.list?input=%7B%22limit%22%3A50%7D:0
[   67490ms] [ERROR] Failed to load resource: net::ERR_CONNECTION_REFUSED @ http://localhost:3000/trpc/alerts.unacknowledgedCount:0
[   68243ms] [ERROR] Failed to load resource: net::ERR_CONNECTION_REFUSED @ http://localhost:3000/trpc/presence.subscribe:0
[   68469ms] [ERROR] Failed to load resource: net::ERR_CONNECTION_REFUSED @ http://localhost:3000/trpc/metrics.currentStats:0
[   69254ms] [ERROR] WebSocket connection to 'ws://localhost:3000/_next/webpack-hmr?id=u_2BFTit-A00LRdVylqaB' failed: Error in connection establishment: net::ERR_CONNECTION_REFUSED @ http://localhost:3000/_next/static/chunks/05sp_next_dist_client_0qd03un._.js:13299
[   71245ms] [ERROR] Failed to load resource: net::ERR_CONNECTION_REFUSED @ http://localhost:3000/trpc/presence.subscribe:0
[   74247ms] [ERROR] Failed to load resource: net::ERR_CONNECTION_REFUSED @ http://localhost:3000/trpc/presence.subscribe:0
[   74258ms] [ERROR] WebSocket connection to 'ws://localhost:3000/_next/webpack-hmr?id=u_2BFTit-A00LRdVylqaB' failed: Error in connection establishment: net::ERR_CONNECTION_REFUSED @ http://localhost:3000/_next/static/chunks/05sp_next_dist_client_0qd03un._.js:13299
[   77249ms] [ERROR] Failed to load resource: net::ERR_CONNECTION_REFUSED @ http://localhost:3000/trpc/presence.subscribe:0
[   79260ms] [ERROR] WebSocket connection to 'ws://localhost:3000/_next/webpack-hmr?id=u_2BFTit-A00LRdVylqaB' failed: Error in connection establishment: net::ERR_CONNECTION_REFUSED @ http://localhost:3000/_next/static/chunks/05sp_next_dist_client_0qd03un._.js:13299
[   80251ms] [ERROR] Failed to load resource: net::ERR_CONNECTION_REFUSED @ http://localhost:3000/trpc/presence.subscribe:0
[   83253ms] [ERROR] Failed to load resource: net::ERR_CONNECTION_REFUSED @ http://localhost:3000/trpc/presence.subscribe:0
[   84263ms] [ERROR] WebSocket connection to 'ws://localhost:3000/_next/webpack-hmr?id=u_2BFTit-A00LRdVylqaB' failed: Error in connection establishment: net::ERR_CONNECTION_REFUSED @ http://localhost:3000/_next/static/chunks/05sp_next_dist_client_0qd03un._.js:13299
[   86255ms] [ERROR] Failed to load resource: net::ERR_CONNECTION_REFUSED @ http://localhost:3000/trpc/presence.subscribe:0
[   89257ms] [ERROR] Failed to load resource: net::ERR_CONNECTION_REFUSED @ http://localhost:3000/trpc/presence.subscribe:0
[   89265ms] [ERROR] WebSocket connection to 'ws://localhost:3000/_next/webpack-hmr?id=u_2BFTit-A00LRdVylqaB' failed: Error in connection establishment: net::ERR_CONNECTION_REFUSED @ http://localhost:3000/_next/static/chunks/05sp_next_dist_client_0qd03un._.js:13299
[   90383ms] [ERROR] Failed to load resource: net::ERR_CONNECTION_REFUSED @ http://localhost:3000/trpc/presence.heartbeat:0
[   90469ms] [ERROR] Failed to load resource: net::ERR_CONNECTION_REFUSED @ http://localhost:3000/trpc/presence.getOnlineUsers:0
[   91840ms] [ERROR] Failed to load resource: net::ERR_CONNECTION_REFUSED @ http://localhost:3000/trpc/presence.getOnlineUsers:0
[   92258ms] [ERROR] Failed to load resource: net::ERR_CONNECTION_REFUSED @ http://localhost:3000/trpc/presence.subscribe:0
[   94272ms] [ERROR] WebSocket connection to 'ws://localhost:3000/_next/webpack-hmr?id=u_2BFTit-A00LRdVylqaB' failed: Error in connection establishment: net::ERR_CONNECTION_REFUSED @ http://localhost:3000/_next/static/chunks/05sp_next_dist_client_0qd03un._.js:13299
[   94440ms] [ERROR] Failed to load resource: net::ERR_CONNECTION_REFUSED @ http://localhost:3000/trpc/presence.getOnlineUsers:0
[   95260ms] [ERROR] Failed to load resource: net::ERR_CONNECTION_REFUSED @ http://localhost:3000/trpc/presence.subscribe:0
[   97477ms] [ERROR] Failed to load resource: net::ERR_CONNECTION_REFUSED @ http://localhost:3000/trpc/events.list?input=%7B%22limit%22%3A50%7D:0
[   97493ms] [ERROR] Failed to load resource: net::ERR_CONNECTION_REFUSED @ http://localhost:3000/trpc/alerts.unacknowledgedCount:0
[   98262ms] [ERROR] Failed to load resource: net::ERR_CONNECTION_REFUSED @ http://localhost:3000/trpc/presence.subscribe:0
[   98472ms] [ERROR] Failed to load resource: net::ERR_CONNECTION_REFUSED @ http://localhost:3000/trpc/metrics.currentStats:0
[   98480ms] [ERROR] Failed to load resource: net::ERR_CONNECTION_REFUSED @ http://localhost:3000/trpc/events.list?input=%7B%22limit%22%3A50%7D:0
[   98497ms] [ERROR] Failed to load resource: net::ERR_CONNECTION_REFUSED @ http://localhost:3000/trpc/alerts.unacknowledgedCount:0
[   99279ms] [ERROR] WebSocket connection to 'ws://localhost:3000/_next/webpack-hmr?id=u_2BFTit-A00LRdVylqaB' failed: Error in connection establishment: net::ERR_CONNECTION_REFUSED @ http://localhost:3000/_next/static/chunks/05sp_next_dist_client_0qd03un._.js:13299
[  108262ms] [ERROR] Failed to load resource: the server responded with a status of 404 (Not Found) @ http://localhost:3000/:0
