[ 5864150ms] [ERROR] %o

%s ReferenceError: CLUSTER_TABS is not defined
    at ClusterLayout (http://localhost:3000/_next/static/chunks/apps_web_src_0qwt1vh._.js?id=%255Bproject%255D%252Fapps%252Fweb%252Fsrc%252Fapp%252Fclusters%252F%255Bid%255D%252Flayout.tsx+%255Bapp-client%255D+%2528ecmascript%2529:317:31)
    at Object.react_stack_bottom_frame (http://localhost:3000/_next/static/chunks/05sp_next_dist_compiled_react-dom_0hty-d0._.js:15037:24)
    at renderWithHooks (http://localhost:3000/_next/static/chunks/05sp_next_dist_compiled_react-dom_0hty-d0._.js:4620:24)
    at updateFunctionComponent (http://localhost:3000/_next/static/chunks/05sp_next_dist_compiled_react-dom_0hty-d0._.js:6081:21)
    at beginWork (http://localhost:3000/_next/static/chunks/05sp_next_dist_compiled_react-dom_0hty-d0._.js:6691:24)
    at runWithFiberInDEV (http://localhost:3000/_next/static/chunks/05sp_next_dist_compiled_react-dom_0hty-d0._.js:965:74)
    at performUnitOfWork (http://localhost:3000/_next/static/chunks/05sp_next_dist_compiled_react-dom_0hty-d0._.js:9555:97)
    at workLoopSync (http://localhost:3000/_next/static/chunks/05sp_next_dist_compiled_react-dom_0hty-d0._.js:9449:40)
    at renderRootSync (http://localhost:3000/_next/static/chunks/05sp_next_dist_compiled_react-dom_0hty-d0._.js:9433:13)
    at performWorkOnRoot (http://localhost:3000/_next/static/chunks/05sp_next_dist_compiled_react-dom_0hty-d0._.js:9061:186)
    at performSyncWorkOnRoot (http://localhost:3000/_next/static/chunks/05sp_next_dist_compiled_react-dom_0hty-d0._.js:10263:9)
    at flushSyncWorkAcrossRoots_impl (http://localhost:3000/_next/static/chunks/05sp_next_dist_compiled_react-dom_0hty-d0._.js:10179:316)
    at processRootScheduleInMicrotask (http://localhost:3000/_next/static/chunks/05sp_next_dist_compiled_react-dom_0hty-d0._.js:10200:106)
    at http://localhost:3000/_next/static/chunks/05sp_next_dist_compiled_react-dom_0hty-d0._.js:10274:158 The above error occurred in the <ClusterLayout> component. It was handled by the <ErrorBoundaryHandler> error boundary. @ http://localhost:3000/_next/static/chunks/05sp_next_dist_client_0qd03un._.js:1998
[ 5864152ms] [ERROR] [App Error] ReferenceError: CLUSTER_TABS is not defined
    at ClusterLayout (http://localhost:3000/_next/static/chunks/apps_web_src_0qwt1vh._.js?id=%255Bproject%255D%252Fapps%252Fweb%252Fsrc%252Fapp%252Fclusters%252F%255Bid%255D%252Flayout.tsx+%255Bapp-client%255D+%2528ecmascript%2529:317:31)
    at Object.react_stack_bottom_frame (http://localhost:3000/_next/static/chunks/05sp_next_dist_compiled_react-dom_0hty-d0._.js:15037:24)
    at renderWithHooks (http://localhost:3000/_next/static/chunks/05sp_next_dist_compiled_react-dom_0hty-d0._.js:4620:24)
    at updateFunctionComponent (http://localhost:3000/_next/static/chunks/05sp_next_dist_compiled_react-dom_0hty-d0._.js:6081:21)
    at beginWork (http://localhost:3000/_next/static/chunks/05sp_next_dist_compiled_react-dom_0hty-d0._.js:6691:24)
    at runWithFiberInDEV (http://localhost:3000/_next/static/chunks/05sp_next_dist_compiled_react-dom_0hty-d0._.js:965:74)
    at performUnitOfWork (http://localhost:3000/_next/static/chunks/05sp_next_dist_compiled_react-dom_0hty-d0._.js:9555:97)
    at workLoopSync (http://localhost:3000/_next/static/chunks/05sp_next_dist_compiled_react-dom_0hty-d0._.js:9449:40)
    at renderRootSync (http://localhost:3000/_next/static/chunks/05sp_next_dist_compiled_react-dom_0hty-d0._.js:9433:13)
    at performWorkOnRoot (http://localhost:3000/_next/static/chunks/05sp_next_dist_compiled_react-dom_0hty-d0._.js:9061:186)
    at performSyncWorkOnRoot (http://localhost:3000/_next/static/chunks/05sp_next_dist_compiled_react-dom_0hty-d0._.js:10263:9)
    at flushSyncWorkAcrossRoots_impl (http://localhost:3000/_next/static/chunks/05sp_next_dist_compiled_react-dom_0hty-d0._.js:10179:316)
    at processRootScheduleInMicrotask (http://localhost:3000/_next/static/chunks/05sp_next_dist_compiled_react-dom_0hty-d0._.js:10200:106)
    at http://localhost:3000/_next/static/chunks/05sp_next_dist_compiled_react-dom_0hty-d0._.js:10274:158 @ http://localhost:3000/_next/static/chunks/05sp_next_dist_06nhzes._.js:3272
[ 5884085ms] Error: Switched to client rendering because the server rendering errored:

Cannot access 'activeTab' before initialization
    at ClusterLayout (/Users/viktork/Documents/private/GitHub-private/voyager-platform/apps/web/.next/dev/server/chunks/ssr/apps_web_src_0i6g0yt._.js:3263:9)
    at Object.react_stack_bottom_frame (/Users/viktork/Documents/private/GitHub-private/voyager-platform/node_modules/.pnpm/next@16.2.1_@babel+core@7.29.0_@opentelemetry+api@1.9.1_@playwright+test@1.58.2_react-d_134c6eaedeac483ab05c797ead24ee1d/node_modules/next/dist/compiled/next-server/app-page-turbo.runtime.dev.js:2:311311)
    at renderWithHooks (/Users/viktork/Documents/private/GitHub-private/voyager-platform/node_modules/.pnpm/next@16.2.1_@babel+core@7.29.0_@opentelemetry+api@1.9.1_@playwright+test@1.58.2_react-d_134c6eaedeac483ab05c797ead24ee1d/node_modules/next/dist/compiled/next-server/app-page-turbo.runtime.dev.js:2:118339)
    at renderElement (/Users/viktork/Documents/private/GitHub-private/voyager-platform/node_modules/.pnpm/next@16.2.1_@babel+core@7.29.0_@opentelemetry+api@1.9.1_@playwright+test@1.58.2_react-d_134c6eaedeac483ab05c797ead24ee1d/node_modules/next/dist/compiled/next-server/app-page-turbo.runtime.dev.js:2:133011)
    at retryNode (/Users/viktork/Documents/private/GitHub-private/voyager-platform/node_modules/.pnpm/next@16.2.1_@babel+core@7.29.0_@opentelemetry+api@1.9.1_@playwright+test@1.58.2_react-d_134c6eaedeac483ab05c797ead24ee1d/node_modules/next/dist/compiled/next-server/app-page-turbo.runtime.dev.js:2:201940)
    at renderNodeDestructive (/Users/viktork/Documents/private/GitHub-private/voyager-platform/node_modules/.pnpm/next@16.2.1_@babel+core@7.29.0_@opentelemetry+api@1.9.1_@playwright+test@1.58.2_react-d_134c6eaedeac483ab05c797ead24ee1d/node_modules/next/dist/compiled/next-server/app-page-turbo.runtime.dev.js:2:201175)
    at finishFunctionComponent (/Users/viktork/Documents/private/GitHub-private/voyager-platform/node_modules/.pnpm/next@16.2.1_@babel+core@7.29.0_@opentelemetry+api@1.9.1_@playwright+test@1.58.2_react-d_134c6eaedeac483ab05c797ead24ee1d/node_modules/next/dist/compiled/next-server/app-page-turbo.runtime.dev.js:2:119349)
    at renderElement (/Users/viktork/Documents/private/GitHub-private/voyager-platform/node_modules/.pnpm/next@16.2.1_@babel+core@7.29.0_@opentelemetry+api@1.9.1_@playwright+test@1.58.2_react-d_134c6eaedeac483ab05c797ead24ee1d/node_modules/next/dist/compiled/next-server/app-page-turbo.runtime.dev.js:2:134520)
    at renderElement (/Users/viktork/Documents/private/GitHub-private/voyager-platform/node_modules/.pnpm/next@16.2.1_@babel+core@7.29.0_@opentelemetry+api@1.9.1_@playwright+test@1.58.2_react-d_134c6eaedeac483ab05c797ead24ee1d/node_modules/next/dist/compiled/next-server/app-page-turbo.runtime.dev.js:2:194974)
    at retryNode (/Users/viktork/Documents/private/GitHub-private/voyager-platform/node_modules/.pnpm/next@16.2.1_@babel+core@7.29.0_@opentelemetry+api@1.9.1_@playwright+test@1.58.2_react-d_134c6eaedeac483ab05c797ead24ee1d/node_modules/next/dist/compiled/next-server/app-page-turbo.runtime.dev.js:2:201940)
    at renderNodeDestructive (/Users/viktork/Documents/private/GitHub-private/voyager-platform/node_modules/.pnpm/next@16.2.1_@babel+core@7.29.0_@opentelemetry+api@1.9.1_@playwright+test@1.58.2_react-d_134c6eaedeac483ab05c797ead24ee1d/node_modules/next/dist/compiled/next-server/app-page-turbo.runtime.dev.js:2:201175)
    at renderNode (/Users/viktork/Documents/private/GitHub-private/voyager-platform/node_modules/.pnpm/next@16.2.1_@babel+core@7.29.0_@opentelemetry+api@1.9.1_@playwright+test@1.58.2_react-d_134c6eaedeac483ab05c797ead24ee1d/node_modules/next/dist/compiled/next-server/app-page-turbo.runtime.dev.js:2:213093)
    at renderChildrenArray (/Users/viktork/Documents/private/GitHub-private/voyager-platform/node_modules/.pnpm/next@16.2.1_@babel+core@7.29.0_@opentelemetry+api@1.9.1_@playwright+test@1.58.2_react-d_134c6eaedeac483ab05c797ead24ee1d/node_modules/next/dist/compiled/next-server/app-page-turbo.runtime.dev.js:2:207654)
    at retryNode (/Users/viktork/Documents/private/GitHub-private/voyager-platform/node_modules/.pnpm/next@16.2.1_@babel+core@7.29.0_@opentelemetry+api@1.9.1_@playwright+test@1.58.2_react-d_134c6eaedeac483ab05c797ead24ee1d/node_modules/next/dist/compiled/next-server/app-page-turbo.runtime.dev.js:2:202417)
    at renderNodeDestructive (/Users/viktork/Documents/private/GitHub-private/voyager-platform/node_modules/.pnpm/next@16.2.1_@babel+core@7.29.0_@opentelemetry+api@1.9.1_@playwright+test@1.58.2_react-d_134c6eaedeac483ab05c797ead24ee1d/node_modules/next/dist/compiled/next-server/app-page-turbo.runtime.dev.js:2:201175)
    at renderElement (/Users/viktork/Documents/private/GitHub-private/voyager-platform/node_modules/.pnpm/next@16.2.1_@babel+core@7.29.0_@opentelemetry+api@1.9.1_@playwright+test@1.58.2_react-d_134c6eaedeac483ab05c797ead24ee1d/node_modules/next/dist/compiled/next-server/app-page-turbo.runtime.dev.js:2:182673)
    at retryNode (/Users/viktork/Documents/private/GitHub-private/voyager-platform/node_modules/.pnpm/next@16.2.1_@babel+core@7.29.0_@opentelemetry+api@1.9.1_@playwright+test@1.58.2_react-d_134c6eaedeac483ab05c797ead24ee1d/node_modules/next/dist/compiled/next-server/app-page-turbo.runtime.dev.js:2:201940)
    at renderNodeDestructive (/Users/viktork/Documents/private/GitHub-private/voyager-platform/node_modules/.pnpm/next@16.2.1_@babel+core@7.29.0_@opentelemetry+api@1.9.1_@playwright+test@1.58.2_react-d_134c6eaedeac483ab05c797ead24ee1d/node_modules/next/dist/compiled/next-server/app-page-turbo.runtime.dev.js:2:201175)
    at renderNode (/Users/viktork/Documents/private/GitHub-private/voyager-platform/node_modules/.pnpm/next@16.2.1_@babel+core@7.29.0_@opentelemetry+api@1.9.1_@playwright+test@1.58.2_react-d_134c6eaedeac483ab05c797ead24ee1d/node_modules/next/dist/compiled/next-server/app-page-turbo.runtime.dev.js:2:213093)
    at renderChildrenArray (/Users/viktork/Documents/private/GitHub-private/voyager-platform/node_modules/.pnpm/next@16.2.1_@babel+core@7.29.0_@opentelemetry+api@1.9.1_@playwright+test@1.58.2_react-d_134c6eaedeac483ab05c797ead24ee1d/node_modules/next/dist/compiled/next-server/app-page-turbo.runtime.dev.js:2:207654)
    at retryNode (/Users/viktork/Documents/private/GitHub-private/voyager-platform/node_modules/.pnpm/next@16.2.1_@babel+core@7.29.0_@opentelemetry+api@1.9.1_@playwright+test@1.58.2_react-d_134c6eaedeac483ab05c797ead24ee1d/node_modules/next/dist/compiled/next-server/app-page-turbo.runtime.dev.js:2:202417)
    at renderNodeDestructive (/Users/viktork/Documents/private/GitHub-private/voyager-platform/node_modules/.pnpm/next@16.2.1_@babel+core@7.29.0_@opentelemetry+api@1.9.1_@playwright+test@1.58.2_react-d_134c6eaedeac483ab05c797ead24ee1d/node_modules/next/dist/compiled/next-server/app-page-turbo.runtime.dev.js:2:201175)
    at renderElement (/Users/viktork/Documents/private/GitHub-private/voyager-platform/node_modules/.pnpm/next@16.2.1_@babel+core@7.29.0_@opentelemetry+api@1.9.1_@playwright+test@1.58.2_react-d_134c6eaedeac483ab05c797ead24ee1d/node_modules/next/dist/compiled/next-server/app-page-turbo.runtime.dev.js:2:182673)
    at retryNode (/Users/viktork/Documents/private/GitHub-private/voyager-platform/node_modules/.pnpm/next@16.2.1_@babel+core@7.29.0_@opentelemetry+api@1.9.1_@playwright+test@1.58.2_react-d_134c6eaedeac483ab05c797ead24ee1d/node_modules/next/dist/compiled/next-server/app-page-turbo.runtime.dev.js:2:201940)
    at renderNodeDestructive (/Users/viktork/Documents/private/GitHub-private/voyager-platform/node_modules/.pnpm/next@16.2.1_@babel+core@7.29.0_@opentelemetry+api@1.9.1_@playwright+test@1.58.2_react-d_134c6eaedeac483ab05c797ead24ee1d/node_modules/next/dist/compiled/next-server/app-page-turbo.runtime.dev.js:2:201175)
    at finishFunctionComponent (/Users/viktork/Documents/private/GitHub-private/voyager-platform/node_modules/.pnpm/next@16.2.1_@babel+core@7.29.0_@opentelemetry+api@1.9.1_@playwright+test@1.58.2_react-d_134c6eaedeac483ab05c797ead24ee1d/node_modules/next/dist/compiled/next-server/app-page-turbo.runtime.dev.js:2:119349)
    at renderElement (/Users/viktork/Documents/private/GitHub-private/voyager-platform/node_modules/.pnpm/next@16.2.1_@babel+core@7.29.0_@opentelemetry+api@1.9.1_@playwright+test@1.58.2_react-d_134c6eaedeac483ab05c797ead24ee1d/node_modules/next/dist/compiled/next-server/app-page-turbo.runtime.dev.js:2:134520)
    at renderElement (/Users/viktork/Documents/private/GitHub-private/voyager-platform/node_modules/.pnpm/next@16.2.1_@babel+core@7.29.0_@opentelemetry+api@1.9.1_@playwright+test@1.58.2_react-d_134c6eaedeac483ab05c797ead24ee1d/node_modules/next/dist/compiled/next-server/app-page-turbo.runtime.dev.js:2:194974)
    at retryNode (/Users/viktork/Documents/private/GitHub-private/voyager-platform/node_modules/.pnpm/next@16.2.1_@babel+core@7.29.0_@opentelemetry+api@1.9.1_@playwright+test@1.58.2_react-d_134c6eaedeac483ab05c797ead24ee1d/node_modules/next/dist/compiled/next-server/app-page-turbo.runtime.dev.js:2:201940)
    at renderNodeDestructive (/Users/viktork/Documents/private/GitHub-private/voyager-platform/node_modules/.pnpm/next@16.2.1_@babel+core@7.29.0_@opentelemetry+api@1.9.1_@playwright+test@1.58.2_react-d_134c6eaedeac483ab05c797ead24ee1d/node_modules/next/dist/compiled/next-server/app-page-turbo.runtime.dev.js:2:201175)
    at renderElement (/Users/viktork/Documents/private/GitHub-private/voyager-platform/node_modules/.pnpm/next@16.2.1_@babel+core@7.29.0_@opentelemetry+api@1.9.1_@playwright+test@1.58.2_react-d_134c6eaedeac483ab05c797ead24ee1d/node_modules/next/dist/compiled/next-server/app-page-turbo.runtime.dev.js:2:193338)
    at retryNode (/Users/viktork/Documents/private/GitHub-private/voyager-platform/node_modules/.pnpm/next@16.2.1_@babel+core@7.29.0_@opentelemetry+api@1.9.1_@playwright+test@1.58.2_react-d_134c6eaedeac483ab05c797ead24ee1d/node_modules/next/dist/compiled/next-server/app-page-turbo.runtime.dev.js:2:201940)
    at renderNodeDestructive (/Users/viktork/Documents/private/GitHub-private/voyager-platform/node_modules/.pnpm/next@16.2.1_@babel+core@7.29.0_@opentelemetry+api@1.9.1_@playwright+test@1.58.2_react-d_134c6eaedeac483ab05c797ead24ee1d/node_modules/next/dist/compiled/next-server/app-page-turbo.runtime.dev.js:2:201175)
    at finishFunctionComponent (/Users/viktork/Documents/private/GitHub-private/voyager-platform/node_modules/.pnpm/next@16.2.1_@babel+core@7.29.0_@opentelemetry+api@1.9.1_@playwright+test@1.58.2_react-d_134c6eaedeac483ab05c797ead24ee1d/node_modules/next/dist/compiled/next-server/app-page-turbo.runtime.dev.js:2:119349)
    at renderElement (/Users/viktork/Documents/private/GitHub-private/voyager-platform/node_modules/.pnpm/next@16.2.1_@babel+core@7.29.0_@opentelemetry+api@1.9.1_@playwright+test@1.58.2_react-d_134c6eaedeac483ab05c797ead24ee1d/node_modules/next/dist/compiled/next-server/app-page-turbo.runtime.dev.js:2:134520)
    at renderElement (/Users/viktork/Documents/private/GitHub-private/voyager-platform/node_modules/.pnpm/next@16.2.1_@babel+core@7.29.0_@opentelemetry+api@1.9.1_@playwright+test@1.58.2_react-d_134c6eaedeac483ab05c797ead24ee1d/node_modules/next/dist/compiled/next-server/app-page-turbo.runtime.dev.js:2:194974)
    at retryNode (/Users/viktork/Documents/private/GitHub-private/voyager-platform/node_modules/.pnpm/next@16.2.1_@babel+core@7.29.0_@opentelemetry+api@1.9.1_@playwright+test@1.58.2_react-d_134c6eaedeac483ab05c797ead24ee1d/node_modules/next/dist/compiled/next-server/app-page-turbo.runtime.dev.js:2:201940)
    at renderNodeDestructive (/Users/viktork/Documents/private/GitHub-private/voyager-platform/node_modules/.pnpm/next@16.2.1_@babel+core@7.29.0_@opentelemetry+api@1.9.1_@playwright+test@1.58.2_react-d_134c6eaedeac483ab05c797ead24ee1d/node_modules/next/dist/compiled/next-server/app-page-turbo.runtime.dev.js:2:201175)
    at renderElement (/Users/viktork/Documents/private/GitHub-private/voyager-platform/node_modules/.pnpm/next@16.2.1_@babel+core@7.29.0_@opentelemetry+api@1.9.1_@playwright+test@1.58.2_react-d_134c6eaedeac483ab05c797ead24ee1d/node_modules/next/dist/compiled/next-server/app-page-turbo.runtime.dev.js:2:193338)
    at retryNode (/Users/viktork/Documents/private/GitHub-private/voyager-platform/node_modules/.pnpm/next@16.2.1_@babel+core@7.29.0_@opentelemetry+api@1.9.1_@playwright+test@1.58.2_react-d_134c6eaedeac483ab05c797ead24ee1d/node_modules/next/dist/compiled/next-server/app-page-turbo.runtime.dev.js:2:201940)
    at renderNodeDestructive (/Users/viktork/Documents/private/GitHub-private/voyager-platform/node_modules/.pnpm/next@16.2.1_@babel+core@7.29.0_@opentelemetry+api@1.9.1_@playwright+test@1.58.2_react-d_134c6eaedeac483ab05c797ead24ee1d/node_modules/next/dist/compiled/next-server/app-page-turbo.runtime.dev.js:2:201175)
    at renderElement (/Users/viktork/Documents/private/GitHub-private/voyager-platform/node_modules/.pnpm/next@16.2.1_@babel+core@7.29.0_@opentelemetry+api@1.9.1_@playwright+test@1.58.2_react-d_134c6eaedeac483ab05c797ead24ee1d/node_modules/next/dist/compiled/next-server/app-page-turbo.runtime.dev.js:2:193338)
    at retryNode (/Users/viktork/Documents/private/GitHub-private/voyager-platform/node_modules/.pnpm/next@16.2.1_@babel+core@7.29.0_@opentelemetry+api@1.9.1_@playwright+test@1.58.2_react-d_134c6eaedeac483ab05c797ead24ee1d/node_modules/next/dist/compiled/next-server/app-page-turbo.runtime.dev.js:2:201940)
    at renderNodeDestructive (/Users/viktork/Documents/private/GitHub-private/voyager-platform/node_modules/.pnpm/next@16.2.1_@babel+core@7.29.0_@opentelemetry+api@1.9.1_@playwright+test@1.58.2_react-d_134c6eaedeac483ab05c797ead24ee1d/node_modules/next/dist/compiled/next-server/app-page-turbo.runtime.dev.js:2:201175)
    at finishFunctionComponent (/Users/viktork/Documents/private/GitHub-private/voyager-platform/node_modules/.pnpm/next@16.2.1_@babel+core@7.29.0_@opentelemetry+api@1.9.1_@playwright+test@1.58.2_react-d_134c6eaedeac483ab05c797ead24ee1d/node_modules/next/dist/compiled/next-server/app-page-turbo.runtime.dev.js:2:119349)
    at renderElement (/Users/viktork/Documents/private/GitHub-private/voyager-platform/node_modules/.pnpm/next@16.2.1_@babel+core@7.29.0_@opentelemetry+api@1.9.1_@playwright+test@1.58.2_react-d_134c6eaedeac483ab05c797ead24ee1d/node_modules/next/dist/compiled/next-server/app-page-turbo.runtime.dev.js:2:134520)
    at retryNode (/Users/viktork/Documents/private/GitHub-private/voyager-platform/node_modules/.pnpm/next@16.2.1_@babel+core@7.29.0_@opentelemetry+api@1.9.1_@playwright+test@1.58.2_react-d_134c6eaedeac483ab05c797ead24ee1d/node_modules/next/dist/compiled/next-server/app-page-turbo.runtime.dev.js:2:201940)
    at renderNodeDestructive (/Users/viktork/Documents/private/GitHub-private/voyager-platform/node_modules/.pnpm/next@16.2.1_@babel+core@7.29.0_@opentelemetry+api@1.9.1_@playwright+test@1.58.2_react-d_134c6eaedeac483ab05c797ead24ee1d/node_modules/next/dist/compiled/next-server/app-page-turbo.runtime.dev.js:2:201175)
    at renderNode (/Users/viktork/Documents/private/GitHub-private/voyager-platform/node_modules/.pnpm/next@16.2.1_@babel+core@7.29.0_@opentelemetry+api@1.9.1_@playwright+test@1.58.2_react-d_134c6eaedeac483ab05c797ead24ee1d/node_modules/next/dist/compiled/next-server/app-page-turbo.runtime.dev.js:2:213093)
    at renderChildrenArray (/Users/viktork/Documents/private/GitHub-private/voyager-platform/node_modules/.pnpm/next@16.2.1_@babel+core@7.29.0_@opentelemetry+api@1.9.1_@playwright+test@1.58.2_react-d_134c6eaedeac483ab05c797ead24ee1d/node_modules/next/dist/compiled/next-server/app-page-turbo.runtime.dev.js:2:207654)
[ 5884287ms] [ERROR] %o

%s ReferenceError: Cannot access 'activeTab' before initialization
    at ClusterLayout (http://localhost:3000/_next/static/chunks/apps_web_src_0uuby.y._.js:3592:9)
    at Object.react_stack_bottom_frame (http://localhost:3000/_next/static/chunks/05sp_next_dist_compiled_react-dom_0hty-d0._.js:15037:24)
    at renderWithHooks (http://localhost:3000/_next/static/chunks/05sp_next_dist_compiled_react-dom_0hty-d0._.js:4620:24)
    at updateFunctionComponent (http://localhost:3000/_next/static/chunks/05sp_next_dist_compiled_react-dom_0hty-d0._.js:6081:21)
    at beginWork (http://localhost:3000/_next/static/chunks/05sp_next_dist_compiled_react-dom_0hty-d0._.js:6691:24)
    at runWithFiberInDEV (http://localhost:3000/_next/static/chunks/05sp_next_dist_compiled_react-dom_0hty-d0._.js:965:74)
    at performUnitOfWork (http://localhost:3000/_next/static/chunks/05sp_next_dist_compiled_react-dom_0hty-d0._.js:9555:97)
    at workLoopSync (http://localhost:3000/_next/static/chunks/05sp_next_dist_compiled_react-dom_0hty-d0._.js:9449:40)
    at renderRootSync (http://localhost:3000/_next/static/chunks/05sp_next_dist_compiled_react-dom_0hty-d0._.js:9433:13)
    at performWorkOnRoot (http://localhost:3000/_next/static/chunks/05sp_next_dist_compiled_react-dom_0hty-d0._.js:9098:47)
    at performWorkOnRootViaSchedulerTask (http://localhost:3000/_next/static/chunks/05sp_next_dist_compiled_react-dom_0hty-d0._.js:10255:9)
    at MessagePort.performWorkUntilDeadline (http://localhost:3000/_next/static/chunks/05sp_next_dist_compiled_0b5-i0d._.js:2647:64) The above error occurred in the <ClusterLayout> component. It was handled by the <ErrorBoundaryHandler> error boundary. @ http://localhost:3000/_next/static/chunks/05sp_next_dist_client_0qd03un._.js:1998
[ 5884288ms] [ERROR] [App Error] ReferenceError: Cannot access 'activeTab' before initialization
    at ClusterLayout (http://localhost:3000/_next/static/chunks/apps_web_src_0uuby.y._.js:3592:9)
    at Object.react_stack_bottom_frame (http://localhost:3000/_next/static/chunks/05sp_next_dist_compiled_react-dom_0hty-d0._.js:15037:24)
    at renderWithHooks (http://localhost:3000/_next/static/chunks/05sp_next_dist_compiled_react-dom_0hty-d0._.js:4620:24)
    at updateFunctionComponent (http://localhost:3000/_next/static/chunks/05sp_next_dist_compiled_react-dom_0hty-d0._.js:6081:21)
    at beginWork (http://localhost:3000/_next/static/chunks/05sp_next_dist_compiled_react-dom_0hty-d0._.js:6691:24)
    at runWithFiberInDEV (http://localhost:3000/_next/static/chunks/05sp_next_dist_compiled_react-dom_0hty-d0._.js:965:74)
    at performUnitOfWork (http://localhost:3000/_next/static/chunks/05sp_next_dist_compiled_react-dom_0hty-d0._.js:9555:97)
    at workLoopSync (http://localhost:3000/_next/static/chunks/05sp_next_dist_compiled_react-dom_0hty-d0._.js:9449:40)
    at renderRootSync (http://localhost:3000/_next/static/chunks/05sp_next_dist_compiled_react-dom_0hty-d0._.js:9433:13)
    at performWorkOnRoot (http://localhost:3000/_next/static/chunks/05sp_next_dist_compiled_react-dom_0hty-d0._.js:9098:47)
    at performWorkOnRootViaSchedulerTask (http://localhost:3000/_next/static/chunks/05sp_next_dist_compiled_react-dom_0hty-d0._.js:10255:9)
    at MessagePort.performWorkUntilDeadline (http://localhost:3000/_next/static/chunks/05sp_next_dist_compiled_0b5-i0d._.js:2647:64) @ http://localhost:3000/_next/static/chunks/05sp_next_dist_06nhzes._.js:3272
[ 6132985ms] [ERROR] Failed to load resource: the server responded with a status of 500 (Internal Server Error) @ http://localhost:3000/trpc/metrics.currentStats:0
[ 6133991ms] [ERROR] Failed to load resource: the server responded with a status of 500 (Internal Server Error) @ http://localhost:3000/trpc/metrics.currentStats:0
[ 6205885ms] [ERROR] Failed to load resource: the server responded with a status of 500 (Internal Server Error) @ http://localhost:3000/trpc/deployments.list?input=%7B%22clusterId%22%3A%22be3ed763-7a2b-4172-a5a6-01dcd27de1ce%22%7D:0
[ 6271697ms] [ERROR] WebSocket connection to 'ws://localhost:3000/_next/webpack-hmr?id=nRPxmPZ0FhziRe6_olcRZ' failed:  @ http://localhost:3000/_next/static/chunks/05sp_next_dist_client_0qd03un._.js:13299
[ 6272703ms] [ERROR] WebSocket connection to 'ws://localhost:3000/_next/webpack-hmr?id=nRPxmPZ0FhziRe6_olcRZ' failed: Error in connection establishment: net::ERR_CONNECTION_REFUSED @ http://localhost:3000/_next/static/chunks/05sp_next_dist_client_0qd03un._.js:13299
[ 6272703ms] [ERROR] Failed to load resource: net::ERR_CONNECTION_REFUSED @ http://localhost:3000/trpc/deployments.list?input=%7B%22clusterId%22%3A%22be3ed763-7a2b-4172-a5a6-01dcd27de1ce%22%7D:0
[ 6273706ms] [ERROR] WebSocket connection to 'ws://localhost:3000/_next/webpack-hmr?id=nRPxmPZ0FhziRe6_olcRZ' failed: Error in connection establishment: net::ERR_CONNECTION_REFUSED @ http://localhost:3000/_next/static/chunks/05sp_next_dist_client_0qd03un._.js:13299
[ 6274706ms] [ERROR] Failed to load resource: net::ERR_CONNECTION_REFUSED @ http://localhost:3000/trpc/deployments.list?input=%7B%22clusterId%22%3A%22be3ed763-7a2b-4172-a5a6-01dcd27de1ce%22%7D:0
[ 6274707ms] [ERROR] WebSocket connection to 'ws://localhost:3000/_next/webpack-hmr?id=nRPxmPZ0FhziRe6_olcRZ' failed: Error in connection establishment: net::ERR_CONNECTION_REFUSED @ http://localhost:3000/_next/static/chunks/05sp_next_dist_client_0qd03un._.js:13299
[ 6275709ms] [ERROR] WebSocket connection to 'ws://localhost:3000/_next/webpack-hmr?id=nRPxmPZ0FhziRe6_olcRZ' failed: Error in connection establishment: net::ERR_CONNECTION_REFUSED @ http://localhost:3000/_next/static/chunks/05sp_next_dist_client_0qd03un._.js:13299
[ 6276712ms] [ERROR] WebSocket connection to 'ws://localhost:3000/_next/webpack-hmr?id=nRPxmPZ0FhziRe6_olcRZ' failed: Error in connection establishment: net::ERR_CONNECTION_REFUSED @ http://localhost:3000/_next/static/chunks/05sp_next_dist_client_0qd03un._.js:13299
[ 6278707ms] [ERROR] Failed to load resource: net::ERR_CONNECTION_REFUSED @ http://localhost:3000/trpc/deployments.list?input=%7B%22clusterId%22%3A%22be3ed763-7a2b-4172-a5a6-01dcd27de1ce%22%7D:0
[ 6282388ms] [ERROR] Failed to load resource: the server responded with a status of 500 (Internal Server Error) @ http://localhost:3000/api/auth/get-session:0
[ 6282440ms] [ERROR] Failed to load resource: the server responded with a status of 500 (Internal Server Error) @ http://localhost:3000/trpc/clusters.get?input=%7B%22id%22%3A%22be3ed763-7a2b-4172-a5a6-01dcd27de1ce%22%7D:0
[ 6282449ms] [ERROR] Failed to load resource: the server responded with a status of 500 (Internal Server Error) @ http://localhost:3000/trpc/presence.getOnlineUsers:0
[ 6282451ms] [ERROR] Failed to load resource: the server responded with a status of 500 (Internal Server Error) @ http://localhost:3000/trpc/presence.heartbeat:0
[ 6282454ms] [ERROR] Failed to load resource: the server responded with a status of 500 (Internal Server Error) @ http://localhost:3000/trpc/events.list?input=%7B%22limit%22%3A50%7D:0
[ 6282456ms] [ERROR] Failed to load resource: the server responded with a status of 500 (Internal Server Error) @ http://localhost:3000/trpc/clusters.list:0
[ 6282458ms] [ERROR] Failed to load resource: the server responded with a status of 500 (Internal Server Error) @ http://localhost:3000/trpc/metrics.currentStats:0
[ 6282473ms] [ERROR] Failed to load resource: the server responded with a status of 500 (Internal Server Error) @ http://localhost:3000/trpc/alerts.unacknowledgedCount:0
[ 6282475ms] [ERROR] Failed to load resource: the server responded with a status of 500 (Internal Server Error) @ http://localhost:3000/trpc/presence.subscribe:0
