[  399662ms] [ERROR] Failed to load resource: net::ERR_INCOMPLETE_CHUNKED_ENCODING @ http://localhost:3000/trpc/presence.subscribe:0
[  400664ms] [ERROR] WebSocket connection to 'ws://localhost:3000/_next/webpack-hmr?id=_zbgO3YgmrgJ4PigQ3QUs' failed: Error in connection establishment: net::ERR_CONNECTION_REFUSED @ http://localhost:3000/_next/static/chunks/05sp_next_dist_client_0qd03un._.js:13299
[  401666ms] [ERROR] WebSocket connection to 'ws://localhost:3000/_next/webpack-hmr?id=_zbgO3YgmrgJ4PigQ3QUs' failed: Error in connection establishment: net::ERR_CONNECTION_REFUSED @ http://localhost:3000/_next/static/chunks/05sp_next_dist_client_0qd03un._.js:13299
[  402663ms] [ERROR] Failed to load resource: net::ERR_CONNECTION_REFUSED @ http://localhost:3000/trpc/presence.subscribe:0
[  402668ms] [ERROR] WebSocket connection to 'ws://localhost:3000/_next/webpack-hmr?id=_zbgO3YgmrgJ4PigQ3QUs' failed: Error in connection establishment: net::ERR_CONNECTION_REFUSED @ http://localhost:3000/_next/static/chunks/05sp_next_dist_client_0qd03un._.js:13299
[  403671ms] [ERROR] WebSocket connection to 'ws://localhost:3000/_next/webpack-hmr?id=_zbgO3YgmrgJ4PigQ3QUs' failed: Error in connection establishment: net::ERR_CONNECTION_REFUSED @ http://localhost:3000/_next/static/chunks/05sp_next_dist_client_0qd03un._.js:13299
[  404674ms] [ERROR] WebSocket connection to 'ws://localhost:3000/_next/webpack-hmr?id=_zbgO3YgmrgJ4PigQ3QUs' failed: Error in connection establishment: net::ERR_CONNECTION_REFUSED @ http://localhost:3000/_next/static/chunks/05sp_next_dist_client_0qd03un._.js:13299
[  405611ms] [ERROR] Failed to load resource: net::ERR_CONNECTION_REFUSED @ http://localhost:3000/trpc/metrics.currentStats:0
[  405665ms] [ERROR] Failed to load resource: net::ERR_CONNECTION_REFUSED @ http://localhost:3000/trpc/presence.subscribe:0
[  406264ms] [ERROR] Failed to load resource: net::ERR_CONNECTION_REFUSED @ http://localhost:3000/trpc/presence.getOnlineUsers:0
[  406613ms] [ERROR] Failed to load resource: net::ERR_CONNECTION_REFUSED @ http://localhost:3000/trpc/metrics.currentStats:0
[  408132ms] [ERROR] Failed to load resource: net::ERR_CONNECTION_REFUSED @ http://localhost:3000/trpc/presence.getOnlineUsers:0
[  408666ms] [ERROR] Failed to load resource: net::ERR_CONNECTION_REFUSED @ http://localhost:3000/trpc/presence.subscribe:0
[  409680ms] [ERROR] WebSocket connection to 'ws://localhost:3000/_next/webpack-hmr?id=_zbgO3YgmrgJ4PigQ3QUs' failed: Error in connection establishment: net::ERR_CONNECTION_REFUSED @ http://localhost:3000/_next/static/chunks/05sp_next_dist_client_0qd03un._.js:13299
[  410447ms] [ERROR] Failed to load resource: net::ERR_CONNECTION_REFUSED @ http://localhost:3000/trpc/presence.getOnlineUsers:0
[  411668ms] [ERROR] Failed to load resource: net::ERR_CONNECTION_REFUSED @ http://localhost:3000/trpc/presence.subscribe:0
[  417175ms] [ERROR] Failed to load resource: the server responded with a status of 404 (Not Found) @ http://localhost:3000/clusters/be3ed763-7a2b-4172-a5a6-01dcd27de1ce--eks-devops-separate-us-east-1/metrics:0
[  417396ms] [ERROR] Failed to load resource: the server responded with a status of 404 (Not Found) @ http://localhost:3000/favicon.ico?favicon.0x3dzn~oxb6tn.ico:0
[  437333ms] [ERROR] Failed to load resource: net::ERR_INCOMPLETE_CHUNKED_ENCODING @ http://localhost:3000/trpc/presence.subscribe:0
[  438337ms] [ERROR] WebSocket connection to 'ws://localhost:3000/_next/webpack-hmr?id=wU-7Wu3ZFmIa1YIRbomJR' failed: Error in connection establishment: net::ERR_CONNECTION_REFUSED @ http://localhost:3000/_next/static/chunks/05sp_next_dist_client_0qd03un._.js:13299
[  439339ms] [ERROR] WebSocket connection to 'ws://localhost:3000/_next/webpack-hmr?id=wU-7Wu3ZFmIa1YIRbomJR' failed: Error in connection establishment: net::ERR_CONNECTION_REFUSED @ http://localhost:3000/_next/static/chunks/05sp_next_dist_client_0qd03un._.js:13299
[  440336ms] [ERROR] Failed to load resource: net::ERR_CONNECTION_REFUSED @ http://localhost:3000/trpc/presence.subscribe:0
[  440340ms] [ERROR] WebSocket connection to 'ws://localhost:3000/_next/webpack-hmr?id=wU-7Wu3ZFmIa1YIRbomJR' failed: Error in connection establishment: net::ERR_CONNECTION_REFUSED @ http://localhost:3000/_next/static/chunks/05sp_next_dist_client_0qd03un._.js:13299
[  441342ms] [ERROR] WebSocket connection to 'ws://localhost:3000/_next/webpack-hmr?id=wU-7Wu3ZFmIa1YIRbomJR' failed: Error in connection establishment: net::ERR_CONNECTION_REFUSED @ http://localhost:3000/_next/static/chunks/05sp_next_dist_client_0qd03un._.js:13299
[  442346ms] [ERROR] WebSocket connection to 'ws://localhost:3000/_next/webpack-hmr?id=wU-7Wu3ZFmIa1YIRbomJR' failed: Error in connection establishment: net::ERR_CONNECTION_REFUSED @ http://localhost:3000/_next/static/chunks/05sp_next_dist_client_0qd03un._.js:13299
[  443338ms] [ERROR] Failed to load resource: net::ERR_CONNECTION_REFUSED @ http://localhost:3000/trpc/presence.subscribe:0
[  446339ms] [ERROR] Failed to load resource: net::ERR_CONNECTION_REFUSED @ http://localhost:3000/trpc/presence.subscribe:0
[  447333ms] [ERROR] Failed to load resource: net::ERR_CONNECTION_REFUSED @ http://localhost:3000/trpc/presence.heartbeat:0
[  447347ms] [ERROR] WebSocket connection to 'ws://localhost:3000/_next/webpack-hmr?id=wU-7Wu3ZFmIa1YIRbomJR' failed: Error in connection establishment: net::ERR_CONNECTION_REFUSED @ http://localhost:3000/_next/static/chunks/05sp_next_dist_client_0qd03un._.js:13299
[  447378ms] [ERROR] Failed to load resource: net::ERR_CONNECTION_REFUSED @ http://localhost:3000/trpc/events.list?input=%7B%22limit%22%3A50%7D:0
[  447398ms] [ERROR] Failed to load resource: net::ERR_CONNECTION_REFUSED @ http://localhost:3000/trpc/alerts.unacknowledgedCount:0
[  448379ms] [ERROR] Failed to load resource: net::ERR_CONNECTION_REFUSED @ http://localhost:3000/trpc/events.list?input=%7B%22limit%22%3A50%7D:0
[  448400ms] [ERROR] Failed to load resource: net::ERR_CONNECTION_REFUSED @ http://localhost:3000/trpc/alerts.unacknowledgedCount:0
