[  113496ms] [ERROR] Failed to fetch RSC payload for http://localhost:3000/clusters/be3ed763-7a2b-4172-a5a6-01dcd27de1ce--eks-devops-separate-us-east-1/services. Falling back to browser navigation. TypeError: Failed to fetch
    at createFetch (http://localhost:3000/_next/static/chunks/05sp_next_dist_client_0qd03un._.js:8084:21)
    at fetchServerResponse (http://localhost:3000/_next/static/chunks/05sp_next_dist_client_0qd03un._.js:7928:27)
    at navigateToUnknownRoute (http://localhost:3000/_next/static/chunks/05sp_next_dist_client_0qd03un._.js:10094:90)
    at navigateImpl (http://localhost:3000/_next/static/chunks/05sp_next_dist_client_0qd03un._.js:9989:12)
    at navigate (http://localhost:3000/_next/static/chunks/05sp_next_dist_client_0qd03un._.js:9953:12)
    at navigateReducer (http://localhost:3000/_next/static/chunks/05sp_next_dist_client_0qd03un._.js:10530:37)
    at clientReducer (http://localhost:3000/_next/static/chunks/05sp_next_dist_client_0qd03un._.js:11382:61)
    at Object.action (http://localhost:3000/_next/static/chunks/05sp_next_dist_client_0qd03un._.js:11631:55)
    at runAction (http://localhost:3000/_next/static/chunks/05sp_next_dist_client_0qd03un._.js:11536:38)
    at dispatchAction (http://localhost:3000/_next/static/chunks/05sp_next_dist_client_0qd03un._.js:11599:9)
    at Object.dispatch (http://localhost:3000/_next/static/chunks/05sp_next_dist_client_0qd03un._.js:11629:40)
    at http://localhost:3000/_next/static/chunks/05sp_next_dist_client_0qd03un._.js:963:29
    at startTransition (http://localhost:3000/_next/static/chunks/05sp_next_dist_compiled_react-dom_0hty-d0._.js:5469:31)
    at nextDispatch (http://localhost:3000/_next/static/chunks/05sp_next_dist_client_0qd03un._.js:962:13)
    at dispatchAppRouterAction (http://localhost:3000/_next/static/chunks/05sp_next_dist_client_0qd03un._.js:922:5)
    at dispatchNavigateAction (http://localhost:3000/_next/static/chunks/05sp_next_dist_client_0qd03un._.js:11688:49)
    at http://localhost:3000/_next/static/chunks/node_modules__pnpm_12wop_c._.js:723:13
    at Object.startTransition (http://localhost:3000/_next/static/chunks/05sp_next_dist_compiled_0b5-i0d._.js:1279:31)
    at linkClicked (http://localhost:3000/_next/static/chunks/node_modules__pnpm_12wop_c._.js:722:24)
    at onClick (http://localhost:3000/_next/static/chunks/node_modules__pnpm_12wop_c._.js:962:13)
    at executeDispatch (http://localhost:3000/_next/static/chunks/05sp_next_dist_compiled_react-dom_0hty-d0._.js:10329:13)
    at runWithFiberInDEV (http://localhost:3000/_next/static/chunks/05sp_next_dist_compiled_react-dom_0hty-d0._.js:965:74)
    at processDispatchQueue (http://localhost:3000/_next/static/chunks/05sp_next_dist_compiled_react-dom_0hty-d0._.js:10355:41)
    at http://localhost:3000/_next/static/chunks/05sp_next_dist_compiled_react-dom_0hty-d0._.js:10633:13
    at batchedUpdates$1 (http://localhost:3000/_next/static/chunks/05sp_next_dist_compiled_react-dom_0hty-d0._.js:2253:44)
    at dispatchEventForPluginEventSystem (http://localhost:3000/_next/static/chunks/05sp_next_dist_compiled_react-dom_0hty-d0._.js:10431:9)
    at dispatchEvent (http://localhost:3000/_next/static/chunks/05sp_next_dist_compiled_react-dom_0hty-d0._.js:13002:37)
    at dispatchDiscreteEvent (http://localhost:3000/_next/static/chunks/05sp_next_dist_compiled_react-dom_0hty-d0._.js:12984:64) @ http://localhost:3000/_next/static/chunks/05sp_next_dist_06nhzes._.js:3272
[  113498ms] [ERROR] Failed to fetch RSC payload for http://localhost:3000/clusters/be3ed763-7a2b-4172-a5a6-01dcd27de1ce--eks-devops-separate-us-east-1/namespaces. Falling back to browser navigation. TypeError: Failed to fetch
    at createFetch (http://localhost:3000/_next/static/chunks/05sp_next_dist_client_0qd03un._.js:8084:21)
    at fetchServerResponse (http://localhost:3000/_next/static/chunks/05sp_next_dist_client_0qd03un._.js:7928:27)
    at navigateToUnknownRoute (http://localhost:3000/_next/static/chunks/05sp_next_dist_client_0qd03un._.js:10094:90)
    at navigateImpl (http://localhost:3000/_next/static/chunks/05sp_next_dist_client_0qd03un._.js:9989:12)
    at navigate (http://localhost:3000/_next/static/chunks/05sp_next_dist_client_0qd03un._.js:9953:12)
    at navigateReducer (http://localhost:3000/_next/static/chunks/05sp_next_dist_client_0qd03un._.js:10530:37)
    at clientReducer (http://localhost:3000/_next/static/chunks/05sp_next_dist_client_0qd03un._.js:11382:61)
    at Object.action (http://localhost:3000/_next/static/chunks/05sp_next_dist_client_0qd03un._.js:11631:55)
    at runAction (http://localhost:3000/_next/static/chunks/05sp_next_dist_client_0qd03un._.js:11536:38)
    at dispatchAction (http://localhost:3000/_next/static/chunks/05sp_next_dist_client_0qd03un._.js:11611:9)
    at Object.dispatch (http://localhost:3000/_next/static/chunks/05sp_next_dist_client_0qd03un._.js:11629:40)
    at http://localhost:3000/_next/static/chunks/05sp_next_dist_client_0qd03un._.js:963:29
    at startTransition (http://localhost:3000/_next/static/chunks/05sp_next_dist_compiled_react-dom_0hty-d0._.js:5469:31)
    at nextDispatch (http://localhost:3000/_next/static/chunks/05sp_next_dist_client_0qd03un._.js:962:13)
    at dispatchAppRouterAction (http://localhost:3000/_next/static/chunks/05sp_next_dist_client_0qd03un._.js:922:5)
    at dispatchNavigateAction (http://localhost:3000/_next/static/chunks/05sp_next_dist_client_0qd03un._.js:11688:49)
    at http://localhost:3000/_next/static/chunks/node_modules__pnpm_12wop_c._.js:723:13
    at Object.startTransition (http://localhost:3000/_next/static/chunks/05sp_next_dist_compiled_0b5-i0d._.js:1279:31)
    at linkClicked (http://localhost:3000/_next/static/chunks/node_modules__pnpm_12wop_c._.js:722:24)
    at onClick (http://localhost:3000/_next/static/chunks/node_modules__pnpm_12wop_c._.js:962:13)
    at executeDispatch (http://localhost:3000/_next/static/chunks/05sp_next_dist_compiled_react-dom_0hty-d0._.js:10329:13)
    at runWithFiberInDEV (http://localhost:3000/_next/static/chunks/05sp_next_dist_compiled_react-dom_0hty-d0._.js:965:74)
    at processDispatchQueue (http://localhost:3000/_next/static/chunks/05sp_next_dist_compiled_react-dom_0hty-d0._.js:10355:41)
    at http://localhost:3000/_next/static/chunks/05sp_next_dist_compiled_react-dom_0hty-d0._.js:10633:13
    at batchedUpdates$1 (http://localhost:3000/_next/static/chunks/05sp_next_dist_compiled_react-dom_0hty-d0._.js:2253:44)
    at dispatchEventForPluginEventSystem (http://localhost:3000/_next/static/chunks/05sp_next_dist_compiled_react-dom_0hty-d0._.js:10431:9)
    at dispatchEvent (http://localhost:3000/_next/static/chunks/05sp_next_dist_compiled_react-dom_0hty-d0._.js:13002:37)
    at dispatchDiscreteEvent (http://localhost:3000/_next/static/chunks/05sp_next_dist_compiled_react-dom_0hty-d0._.js:12984:64) @ http://localhost:3000/_next/static/chunks/05sp_next_dist_06nhzes._.js:3272
[  113499ms] [ERROR] Failed to fetch RSC payload for http://localhost:3000/clusters/be3ed763-7a2b-4172-a5a6-01dcd27de1ce--eks-devops-separate-us-east-1/services. Falling back to browser navigation. TypeError: Failed to fetch
    at createFetch (http://localhost:3000/_next/static/chunks/05sp_next_dist_client_0qd03un._.js:8084:21)
    at fetchServerResponse (http://localhost:3000/_next/static/chunks/05sp_next_dist_client_0qd03un._.js:7928:27)
    at navigateToUnknownRoute (http://localhost:3000/_next/static/chunks/05sp_next_dist_client_0qd03un._.js:10094:90)
    at navigateImpl (http://localhost:3000/_next/static/chunks/05sp_next_dist_client_0qd03un._.js:9989:12)
    at navigate (http://localhost:3000/_next/static/chunks/05sp_next_dist_client_0qd03un._.js:9953:12)
    at navigateReducer (http://localhost:3000/_next/static/chunks/05sp_next_dist_client_0qd03un._.js:10530:37)
    at clientReducer (http://localhost:3000/_next/static/chunks/05sp_next_dist_client_0qd03un._.js:11382:61)
    at Object.action (http://localhost:3000/_next/static/chunks/05sp_next_dist_client_0qd03un._.js:11631:55)
    at runAction (http://localhost:3000/_next/static/chunks/05sp_next_dist_client_0qd03un._.js:11536:38)
    at dispatchAction (http://localhost:3000/_next/static/chunks/05sp_next_dist_client_0qd03un._.js:11611:9)
    at Object.dispatch (http://localhost:3000/_next/static/chunks/05sp_next_dist_client_0qd03un._.js:11629:40)
    at http://localhost:3000/_next/static/chunks/05sp_next_dist_client_0qd03un._.js:963:29
    at startTransition (http://localhost:3000/_next/static/chunks/05sp_next_dist_compiled_react-dom_0hty-d0._.js:5469:31)
    at nextDispatch (http://localhost:3000/_next/static/chunks/05sp_next_dist_client_0qd03un._.js:962:13)
    at dispatchAppRouterAction (http://localhost:3000/_next/static/chunks/05sp_next_dist_client_0qd03un._.js:922:5)
    at dispatchNavigateAction (http://localhost:3000/_next/static/chunks/05sp_next_dist_client_0qd03un._.js:11688:49)
    at http://localhost:3000/_next/static/chunks/node_modules__pnpm_12wop_c._.js:723:13
    at Object.startTransition (http://localhost:3000/_next/static/chunks/05sp_next_dist_compiled_0b5-i0d._.js:1279:31)
    at linkClicked (http://localhost:3000/_next/static/chunks/node_modules__pnpm_12wop_c._.js:722:24)
    at onClick (http://localhost:3000/_next/static/chunks/node_modules__pnpm_12wop_c._.js:962:13)
    at executeDispatch (http://localhost:3000/_next/static/chunks/05sp_next_dist_compiled_react-dom_0hty-d0._.js:10329:13)
    at runWithFiberInDEV (http://localhost:3000/_next/static/chunks/05sp_next_dist_compiled_react-dom_0hty-d0._.js:965:74)
    at processDispatchQueue (http://localhost:3000/_next/static/chunks/05sp_next_dist_compiled_react-dom_0hty-d0._.js:10355:41)
    at http://localhost:3000/_next/static/chunks/05sp_next_dist_compiled_react-dom_0hty-d0._.js:10633:13
    at batchedUpdates$1 (http://localhost:3000/_next/static/chunks/05sp_next_dist_compiled_react-dom_0hty-d0._.js:2253:44)
    at dispatchEventForPluginEventSystem (http://localhost:3000/_next/static/chunks/05sp_next_dist_compiled_react-dom_0hty-d0._.js:10431:9)
    at dispatchEvent (http://localhost:3000/_next/static/chunks/05sp_next_dist_compiled_react-dom_0hty-d0._.js:13002:37)
    at dispatchDiscreteEvent (http://localhost:3000/_next/static/chunks/05sp_next_dist_compiled_react-dom_0hty-d0._.js:12984:64) @ http://localhost:3000/_next/static/chunks/05sp_next_dist_06nhzes._.js:3272
[  113499ms] [ERROR] Failed to fetch RSC payload for http://localhost:3000/clusters/be3ed763-7a2b-4172-a5a6-01dcd27de1ce--eks-devops-separate-us-east-1/nodes. Falling back to browser navigation. TypeError: Failed to fetch
    at createFetch (http://localhost:3000/_next/static/chunks/05sp_next_dist_client_0qd03un._.js:8084:21)
    at fetchServerResponse (http://localhost:3000/_next/static/chunks/05sp_next_dist_client_0qd03un._.js:7928:27)
    at fetchMissingDynamicData (http://localhost:3000/_next/static/chunks/05sp_next_dist_client_0qd03un._.js:9341:75)
    at spawnDynamicRequests (http://localhost:3000/_next/static/chunks/05sp_next_dist_client_0qd03un._.js:9149:35)
    at navigateToKnownRoute (http://localhost:3000/_next/static/chunks/05sp_next_dist_client_0qd03un._.js:10033:54)
    at navigateUsingPrefetchedRouteTree (http://localhost:3000/_next/static/chunks/05sp_next_dist_client_0qd03un._.js:10052:12)
    at navigateImpl (http://localhost:3000/_next/static/chunks/05sp_next_dist_client_0qd03un._.js:9962:16)
    at navigate (http://localhost:3000/_next/static/chunks/05sp_next_dist_client_0qd03un._.js:9953:12)
    at navigateReducer (http://localhost:3000/_next/static/chunks/05sp_next_dist_client_0qd03un._.js:10530:37)
    at clientReducer (http://localhost:3000/_next/static/chunks/05sp_next_dist_client_0qd03un._.js:11382:61)
    at Object.action (http://localhost:3000/_next/static/chunks/05sp_next_dist_client_0qd03un._.js:11631:55)
    at runAction (http://localhost:3000/_next/static/chunks/05sp_next_dist_client_0qd03un._.js:11536:38)
    at dispatchAction (http://localhost:3000/_next/static/chunks/05sp_next_dist_client_0qd03un._.js:11611:9)
    at Object.dispatch (http://localhost:3000/_next/static/chunks/05sp_next_dist_client_0qd03un._.js:11629:40)
    at http://localhost:3000/_next/static/chunks/05sp_next_dist_client_0qd03un._.js:963:29
    at startTransition (http://localhost:3000/_next/static/chunks/05sp_next_dist_compiled_react-dom_0hty-d0._.js:5469:31)
    at nextDispatch (http://localhost:3000/_next/static/chunks/05sp_next_dist_client_0qd03un._.js:962:13)
    at dispatchAppRouterAction (http://localhost:3000/_next/static/chunks/05sp_next_dist_client_0qd03un._.js:922:5)
    at dispatchNavigateAction (http://localhost:3000/_next/static/chunks/05sp_next_dist_client_0qd03un._.js:11688:49)
    at http://localhost:3000/_next/static/chunks/node_modules__pnpm_12wop_c._.js:723:13
    at Object.startTransition (http://localhost:3000/_next/static/chunks/05sp_next_dist_compiled_0b5-i0d._.js:1279:31)
    at linkClicked (http://localhost:3000/_next/static/chunks/node_modules__pnpm_12wop_c._.js:722:24)
    at onClick (http://localhost:3000/_next/static/chunks/node_modules__pnpm_12wop_c._.js:962:13)
    at executeDispatch (http://localhost:3000/_next/static/chunks/05sp_next_dist_compiled_react-dom_0hty-d0._.js:10329:13)
    at runWithFiberInDEV (http://localhost:3000/_next/static/chunks/05sp_next_dist_compiled_react-dom_0hty-d0._.js:965:74)
    at processDispatchQueue (http://localhost:3000/_next/static/chunks/05sp_next_dist_compiled_react-dom_0hty-d0._.js:10355:41)
    at http://localhost:3000/_next/static/chunks/05sp_next_dist_compiled_react-dom_0hty-d0._.js:10633:13
    at batchedUpdates$1 (http://localhost:3000/_next/static/chunks/05sp_next_dist_compiled_react-dom_0hty-d0._.js:2253:44)
    at dispatchEventForPluginEventSystem (http://localhost:3000/_next/static/chunks/05sp_next_dist_compiled_react-dom_0hty-d0._.js:10431:9)
    at dispatchEvent (http://localhost:3000/_next/static/chunks/05sp_next_dist_compiled_react-dom_0hty-d0._.js:13002:37)
    at dispatchDiscreteEvent (http://localhost:3000/_next/static/chunks/05sp_next_dist_compiled_react-dom_0hty-d0._.js:12984:64) @ http://localhost:3000/_next/static/chunks/05sp_next_dist_06nhzes._.js:3272
[  113499ms] [ERROR] Failed to fetch RSC payload for http://localhost:3000/clusters/be3ed763-7a2b-4172-a5a6-01dcd27de1ce--eks-devops-separate-us-east-1. Falling back to browser navigation. TypeError: Failed to fetch
    at createFetch (http://localhost:3000/_next/static/chunks/05sp_next_dist_client_0qd03un._.js:8084:21)
    at fetchServerResponse (http://localhost:3000/_next/static/chunks/05sp_next_dist_client_0qd03un._.js:7928:27)
    at fetchMissingDynamicData (http://localhost:3000/_next/static/chunks/05sp_next_dist_client_0qd03un._.js:9341:75)
    at spawnDynamicRequests (http://localhost:3000/_next/static/chunks/05sp_next_dist_client_0qd03un._.js:9149:35)
    at navigateToKnownRoute (http://localhost:3000/_next/static/chunks/05sp_next_dist_client_0qd03un._.js:10033:54)
    at navigateUsingPrefetchedRouteTree (http://localhost:3000/_next/static/chunks/05sp_next_dist_client_0qd03un._.js:10052:12)
    at navigateImpl (http://localhost:3000/_next/static/chunks/05sp_next_dist_client_0qd03un._.js:9962:16)
    at navigate (http://localhost:3000/_next/static/chunks/05sp_next_dist_client_0qd03un._.js:9953:12)
    at navigateReducer (http://localhost:3000/_next/static/chunks/05sp_next_dist_client_0qd03un._.js:10530:37)
    at clientReducer (http://localhost:3000/_next/static/chunks/05sp_next_dist_client_0qd03un._.js:11382:61)
    at Object.action (http://localhost:3000/_next/static/chunks/05sp_next_dist_client_0qd03un._.js:11631:55)
    at runAction (http://localhost:3000/_next/static/chunks/05sp_next_dist_client_0qd03un._.js:11536:38)
    at dispatchAction (http://localhost:3000/_next/static/chunks/05sp_next_dist_client_0qd03un._.js:11599:9)
    at Object.dispatch (http://localhost:3000/_next/static/chunks/05sp_next_dist_client_0qd03un._.js:11629:40)
    at http://localhost:3000/_next/static/chunks/05sp_next_dist_client_0qd03un._.js:963:29
    at startTransition (http://localhost:3000/_next/static/chunks/05sp_next_dist_compiled_react-dom_0hty-d0._.js:5469:31)
    at nextDispatch (http://localhost:3000/_next/static/chunks/05sp_next_dist_client_0qd03un._.js:962:13)
    at dispatchAppRouterAction (http://localhost:3000/_next/static/chunks/05sp_next_dist_client_0qd03un._.js:922:5)
    at dispatchNavigateAction (http://localhost:3000/_next/static/chunks/05sp_next_dist_client_0qd03un._.js:11688:49)
    at http://localhost:3000/_next/static/chunks/node_modules__pnpm_12wop_c._.js:723:13
    at Object.startTransition (http://localhost:3000/_next/static/chunks/05sp_next_dist_compiled_0b5-i0d._.js:1279:31)
    at linkClicked (http://localhost:3000/_next/static/chunks/node_modules__pnpm_12wop_c._.js:722:24)
    at onClick (http://localhost:3000/_next/static/chunks/node_modules__pnpm_12wop_c._.js:962:13)
    at executeDispatch (http://localhost:3000/_next/static/chunks/05sp_next_dist_compiled_react-dom_0hty-d0._.js:10329:13)
    at runWithFiberInDEV (http://localhost:3000/_next/static/chunks/05sp_next_dist_compiled_react-dom_0hty-d0._.js:965:74)
    at processDispatchQueue (http://localhost:3000/_next/static/chunks/05sp_next_dist_compiled_react-dom_0hty-d0._.js:10355:41)
    at http://localhost:3000/_next/static/chunks/05sp_next_dist_compiled_react-dom_0hty-d0._.js:10633:13
    at batchedUpdates$1 (http://localhost:3000/_next/static/chunks/05sp_next_dist_compiled_react-dom_0hty-d0._.js:2253:44)
    at dispatchEventForPluginEventSystem (http://localhost:3000/_next/static/chunks/05sp_next_dist_compiled_react-dom_0hty-d0._.js:10431:9)
    at dispatchEvent (http://localhost:3000/_next/static/chunks/05sp_next_dist_compiled_react-dom_0hty-d0._.js:13002:37)
    at dispatchDiscreteEvent (http://localhost:3000/_next/static/chunks/05sp_next_dist_compiled_react-dom_0hty-d0._.js:12984:64) @ http://localhost:3000/_next/static/chunks/05sp_next_dist_06nhzes._.js:3272
[  113499ms] [ERROR] Failed to fetch RSC payload for http://localhost:3000/clusters/be3ed763-7a2b-4172-a5a6-01dcd27de1ce--eks-devops-separate-us-east-1/pods. Falling back to browser navigation. TypeError: Failed to fetch
    at createFetch (http://localhost:3000/_next/static/chunks/05sp_next_dist_client_0qd03un._.js:8084:21)
    at fetchServerResponse (http://localhost:3000/_next/static/chunks/05sp_next_dist_client_0qd03un._.js:7928:27)
    at fetchMissingDynamicData (http://localhost:3000/_next/static/chunks/05sp_next_dist_client_0qd03un._.js:9341:75)
    at spawnDynamicRequests (http://localhost:3000/_next/static/chunks/05sp_next_dist_client_0qd03un._.js:9149:35)
    at navigateToKnownRoute (http://localhost:3000/_next/static/chunks/05sp_next_dist_client_0qd03un._.js:10033:54)
    at navigateUsingPrefetchedRouteTree (http://localhost:3000/_next/static/chunks/05sp_next_dist_client_0qd03un._.js:10052:12)
    at navigateImpl (http://localhost:3000/_next/static/chunks/05sp_next_dist_client_0qd03un._.js:9962:16)
    at navigate (http://localhost:3000/_next/static/chunks/05sp_next_dist_client_0qd03un._.js:9953:12)
    at navigateReducer (http://localhost:3000/_next/static/chunks/05sp_next_dist_client_0qd03un._.js:10530:37)
    at clientReducer (http://localhost:3000/_next/static/chunks/05sp_next_dist_client_0qd03un._.js:11382:61)
    at Object.action (http://localhost:3000/_next/static/chunks/05sp_next_dist_client_0qd03un._.js:11631:55)
    at runAction (http://localhost:3000/_next/static/chunks/05sp_next_dist_client_0qd03un._.js:11536:38)
    at dispatchAction (http://localhost:3000/_next/static/chunks/05sp_next_dist_client_0qd03un._.js:11599:9)
    at Object.dispatch (http://localhost:3000/_next/static/chunks/05sp_next_dist_client_0qd03un._.js:11629:40)
    at http://localhost:3000/_next/static/chunks/05sp_next_dist_client_0qd03un._.js:963:29
    at startTransition (http://localhost:3000/_next/static/chunks/05sp_next_dist_compiled_react-dom_0hty-d0._.js:5469:31)
    at nextDispatch (http://localhost:3000/_next/static/chunks/05sp_next_dist_client_0qd03un._.js:962:13)
    at dispatchAppRouterAction (http://localhost:3000/_next/static/chunks/05sp_next_dist_client_0qd03un._.js:922:5)
    at dispatchNavigateAction (http://localhost:3000/_next/static/chunks/05sp_next_dist_client_0qd03un._.js:11688:49)
    at http://localhost:3000/_next/static/chunks/node_modules__pnpm_12wop_c._.js:723:13
    at Object.startTransition (http://localhost:3000/_next/static/chunks/05sp_next_dist_compiled_0b5-i0d._.js:1279:31)
    at linkClicked (http://localhost:3000/_next/static/chunks/node_modules__pnpm_12wop_c._.js:722:24)
    at onClick (http://localhost:3000/_next/static/chunks/node_modules__pnpm_12wop_c._.js:962:13)
    at executeDispatch (http://localhost:3000/_next/static/chunks/05sp_next_dist_compiled_react-dom_0hty-d0._.js:10329:13)
    at runWithFiberInDEV (http://localhost:3000/_next/static/chunks/05sp_next_dist_compiled_react-dom_0hty-d0._.js:965:74)
    at processDispatchQueue (http://localhost:3000/_next/static/chunks/05sp_next_dist_compiled_react-dom_0hty-d0._.js:10355:41)
    at http://localhost:3000/_next/static/chunks/05sp_next_dist_compiled_react-dom_0hty-d0._.js:10633:13
    at batchedUpdates$1 (http://localhost:3000/_next/static/chunks/05sp_next_dist_compiled_react-dom_0hty-d0._.js:2253:44)
    at dispatchEventForPluginEventSystem (http://localhost:3000/_next/static/chunks/05sp_next_dist_compiled_react-dom_0hty-d0._.js:10431:9)
    at dispatchEvent (http://localhost:3000/_next/static/chunks/05sp_next_dist_compiled_react-dom_0hty-d0._.js:13002:37)
    at dispatchDiscreteEvent (http://localhost:3000/_next/static/chunks/05sp_next_dist_compiled_react-dom_0hty-d0._.js:12984:64) @ http://localhost:3000/_next/static/chunks/05sp_next_dist_06nhzes._.js:3272
[  113514ms] [ERROR] %o

%s ChunkLoadError: Failed to load chunk /_next/static/chunks/apps_web_src_0_w~vmx._.js from module [project]/node_modules/.pnpm/next@16.2.1_@babel+core@7.29.0_@opentelemetry+api@1.9.1_@playwright+test@1.58.2_react-d_134c6eaedeac483ab05c797ead24ee1d/node_modules/next/dist/compiled/react-server-dom-turbopack/cjs/react-server-dom-turbopack-client.browser.development.js [app-client] (ecmascript)
    at http://localhost:3000/_next/static/chunks/turbopack-apps_web_06.53.s._.js:698:25 The above error occurred in the <ClientPageRoot> component. It was handled by the <ErrorBoundaryHandler> error boundary. @ http://localhost:3000/_next/static/chunks/05sp_next_dist_client_0qd03un._.js:1998
[  113515ms] [ERROR] [App Error] ChunkLoadError: Failed to load chunk /_next/static/chunks/apps_web_src_0_w~vmx._.js from module [project]/node_modules/.pnpm/next@16.2.1_@babel+core@7.29.0_@opentelemetry+api@1.9.1_@playwright+test@1.58.2_react-d_134c6eaedeac483ab05c797ead24ee1d/node_modules/next/dist/compiled/react-server-dom-turbopack/cjs/react-server-dom-turbopack-client.browser.development.js [app-client] (ecmascript)
    at http://localhost:3000/_next/static/chunks/turbopack-apps_web_06.53.s._.js:698:25 @ http://localhost:3000/_next/static/chunks/05sp_next_dist_06nhzes._.js:3272
