[     199ms] [INFO] %cDownload the React DevTools for a better development experience: https://react.dev/link/react-devtools font-weight:bold @ http://localhost:3000/_next/static/chunks/05sp_next_dist_06nhzes._.js:2431
[     216ms] [LOG] [HMR] connected @ http://localhost:3000/_next/static/chunks/05sp_next_dist_06nhzes._.js:2431
[ 1375798ms] [LOG] [Fast Refresh] rebuilding @ http://localhost:3000/_next/static/chunks/05sp_next_dist_06nhzes._.js:2431
[ 1375819ms] [LOG] [Fast Refresh] done in 123ms @ http://localhost:3000/_next/static/chunks/05sp_next_dist_06nhzes._.js:2431
[ 1901408ms] [LOG] [Fast Refresh] rebuilding @ http://localhost:3000/_next/static/chunks/05sp_next_dist_06nhzes._.js:2431
[ 1901511ms] [LOG] [Fast Refresh] done in 169ms @ http://localhost:3000/_next/static/chunks/05sp_next_dist_06nhzes._.js:2431
[ 1910581ms] [LOG] [Fast Refresh] rebuilding @ http://localhost:3000/_next/static/chunks/05sp_next_dist_06nhzes._.js:2431
[ 1910630ms] [LOG] [Fast Refresh] done in 110ms @ http://localhost:3000/_next/static/chunks/05sp_next_dist_06nhzes._.js:2431
[ 2009425ms] [LOG] [Fast Refresh] rebuilding @ http://localhost:3000/_next/static/chunks/05sp_next_dist_06nhzes._.js:2431
[ 2009624ms] [LOG] [Fast Refresh] done in 264ms @ http://localhost:3000/_next/static/chunks/05sp_next_dist_06nhzes._.js:2431
[ 2089043ms] [LOG] [Fast Refresh] rebuilding @ http://localhost:3000/_next/static/chunks/05sp_next_dist_06nhzes._.js:2431
[ 2089114ms] [LOG] [Fast Refresh] done in 172ms @ http://localhost:3000/_next/static/chunks/05sp_next_dist_06nhzes._.js:2431
[ 2089989ms] [LOG] [Fast Refresh] rebuilding @ http://localhost:3000/_next/static/chunks/05sp_next_dist_06nhzes._.js:2431
[ 2090012ms] [LOG] [Fast Refresh] done in 38ms @ http://localhost:3000/_next/static/chunks/05sp_next_dist_06nhzes._.js:2431
[ 2094545ms] [LOG] [Fast Refresh] rebuilding @ http://localhost:3000/_next/static/chunks/05sp_next_dist_06nhzes._.js:2431
[ 2094668ms] [LOG] [Fast Refresh] done in 93ms @ http://localhost:3000/_next/static/chunks/05sp_next_dist_06nhzes._.js:2431
[ 2099565ms] [LOG] [Fast Refresh] rebuilding @ http://localhost:3000/_next/static/chunks/05sp_next_dist_06nhzes._.js:2431
[ 2099588ms] [LOG] [Fast Refresh] done in 79ms @ http://localhost:3000/_next/static/chunks/05sp_next_dist_06nhzes._.js:2431
[ 2104833ms] [LOG] [Fast Refresh] rebuilding @ http://localhost:3000/_next/static/chunks/05sp_next_dist_06nhzes._.js:2431
[ 2104962ms] [LOG] [Fast Refresh] done in 224ms @ http://localhost:3000/_next/static/chunks/05sp_next_dist_06nhzes._.js:2431
[ 2130819ms] [LOG] [Fast Refresh] rebuilding @ http://localhost:3000/_next/static/chunks/05sp_next_dist_06nhzes._.js:2431
[ 2131459ms] [LOG] [Fast Refresh] done in 693ms @ http://localhost:3000/_next/static/chunks/05sp_next_dist_06nhzes._.js:2431
[ 2131567ms] [LOG] [Fast Refresh] rebuilding @ http://localhost:3000/_next/static/chunks/05sp_next_dist_06nhzes._.js:2431
[ 2131664ms] [LOG] [Fast Refresh] done in 198ms @ http://localhost:3000/_next/static/chunks/05sp_next_dist_06nhzes._.js:2431
[ 2132935ms] [LOG] [Fast Refresh] rebuilding @ http://localhost:3000/_next/static/chunks/05sp_next_dist_06nhzes._.js:2431
[ 2132940ms] [LOG] [Fast Refresh] done in 165ms @ http://localhost:3000/_next/static/chunks/05sp_next_dist_06nhzes._.js:2431
[ 2181577ms] [ERROR] Failed to load resource: net::ERR_INCOMPLETE_CHUNKED_ENCODING @ http://localhost:4001/api/resources/stream?clusterId=be3ed763-7a2b-4172-a5a6-01dcd27de1ce:0
[ 2182557ms] [ERROR] Failed to load resource: net::ERR_CONNECTION_REFUSED @ http://localhost:4001/api/resources/stream?clusterId=be3ed763-7a2b-4172-a5a6-01dcd27de1ce:0
[ 2184561ms] [ERROR] Failed to load resource: net::ERR_CONNECTION_REFUSED @ http://localhost:4001/api/resources/stream?clusterId=be3ed763-7a2b-4172-a5a6-01dcd27de1ce:0
